#
# There is insufficient memory for the Java Runtime Environment to continue.
# Native memory allocation (mmap) failed to map 536870912 bytes for G1 virtual space
# Possible reasons:
#   The system is out of physical RAM or swap space
#   The process is running with CompressedOops enabled, and the Java Heap may be blocking the growth of the native heap
# Possible solutions:
#   Reduce memory load on the system
#   Increase physical memory or swap space
#   Check if swap backing store is full
#   Decrease Java heap size (-Xmx/-Xms)
#   Decrease number of Java threads
#   Decrease Java thread stack sizes (-Xss)
#   Set larger code cache with -XX:ReservedCodeCacheSize=
#   JVM is running with Unscaled Compressed Oops mode in which the Java heap is
#     placed in the first 4GB address space. The Java Heap base address is the
#     maximum limit for the native heap growth. Please use -XX:HeapBaseMinAddress
#     to set the Java Heap base and to place the Java Heap above 4GB virtual address.
# This output file may be truncated or incomplete.
#
#  Out of Memory Error (os_windows.cpp:3600), pid=12644, tid=15720
#
# JRE version:  (21.0.2+13) (build )
# Java VM: Java HotSpot(TM) 64-Bit Server VM (21.0.2+13-LTS-58, mixed mode, emulated-client, sharing, tiered, compressed oops, compressed class ptrs, g1 gc, windows-amd64)
# No core dump will be written. Minidumps are not enabled by default on client versions of Windows
#

---------------  S U M M A R Y ------------

Command Line: -Xms512m -Xmx1024m -XX:MetaspaceSize=128m -XX:MaxMetaspaceSize=256m -XX:+UseG1GC -XX:TieredStopAtLevel=1 -Dspring.output.ansi.enabled=always -Dcom.sun.management.jmxremote -Dspring.jmx.enabled=true -Dspring.liveBeansView.mbeanDomain -Dspring.application.admin.enabled=true -Dmanagement.endpoints.jmx.exposure.include=* -javaagent:D:\develope\IntelliJ IDEA 2023.3.4\lib\idea_rt.jar=51624:D:\develope\IntelliJ IDEA 2023.3.4\bin -Dfile.encoding=UTF-8 -Dsun.stdout.encoding=UTF-8 -Dsun.stderr.encoding=UTF-8 com.example.SpringbootApplication

Host: Intel(R) Core(TM) i5-8250U CPU @ 1.60GHz, 8 cores, 3G,  Windows 11 , 64 bit Build 22621 (10.0.22621.5415)
Time: Fri Mar 13 17:57:50 2026  Windows 11 , 64 bit Build 22621 (10.0.22621.5415) elapsed time: 0.156635 seconds (0d 0h 0m 0s)

---------------  T H R E A D  ---------------

Current thread (0x00000231e9067ba0):  JavaThread "Unknown thread" [_thread_in_vm, id=15720, stack(0x000000f1cf200000,0x000000f1cf300000) (1024K)]

Stack: [0x000000f1cf200000,0x000000f1cf300000]
Native frames: (J=compiled Java code, j=interpreted, Vv=VM code, C=native code)
V  [jvm.dll+0x6cade9]
V  [jvm.dll+0x8569c1]
V  [jvm.dll+0x858d2e]
V  [jvm.dll+0x859413]
V  [jvm.dll+0x280e56]
V  [jvm.dll+0x6c74d5]
V  [jvm.dll+0x6bbeca]
V  [jvm.dll+0x355bca]
V  [jvm.dll+0x35d816]
V  [jvm.dll+0x3ae67e]
V  [jvm.dll+0x3ae928]
V  [jvm.dll+0x3295dc]
V  [jvm.dll+0x32a16b]
V  [jvm.dll+0x81efa9]
V  [jvm.dll+0x3bba01]
V  [jvm.dll+0x807928]
V  [jvm.dll+0x44f50e]
V  [jvm.dll+0x450e11]
C  [jli.dll+0x52a3]
C  [ucrtbase.dll+0x29333]
C  [KERNEL32.DLL+0x1259d]
C  [ntdll.dll+0x5af78]


---------------  P R O C E S S  ---------------

Threads class SMR info:
_java_thread_list=0x00007ffb42b7bb88, length=0, elements={
}

Java Threads: ( => current thread )
Total: 0

Other Threads:
  0x00000231eb1af500 WorkerThread "GC Thread#0"                     [id=15924, stack(0x000000f1cf300000,0x000000f1cf400000) (1024K)]
  0x00000231eb1b6680 ConcurrentGCThread "G1 Main Marker"            [id=13076, stack(0x000000f1cf400000,0x000000f1cf500000) (1024K)]
  0x00000231eb1b7920 WorkerThread "G1 Conc#0"                       [id=10108, stack(0x000000f1cf500000,0x000000f1cf600000) (1024K)]

[error occurred during error reporting (printing all threads), id 0xc0000005, EXCEPTION_ACCESS_VIOLATION (0xc0000005) at pc=0x00007ffb422ec6a7]
VM state: not at safepoint (not fully initialized)

VM Mutex/Monitor currently owned by a thread:  ([mutex/lock_event])
[0x00007ffb42bece68] Heap_lock - owner thread: 0x00000231e9067ba0

Heap address: 0x00000000c0000000, size: 1024 MB, Compressed Oops mode: 32-bit

CDS archive(s) mapped at: [0x0000000000000000-0x0000000000000000-0x0000000000000000), size 0, SharedBaseAddress: 0x0000000800000000, ArchiveRelocationMode: 1.
Narrow klass base: 0x0000000000000000, Narrow klass shift: 0, Narrow klass range: 0x0

GC Precious Log:
 CardTable entry size: 512
 Card Set container configuration: InlinePtr #cards 5 size 8 Array Of Cards #cards 12 size 40 Howl #buckets 4 coarsen threshold 1843 Howl Bitmap #cards 512 size 80 coarsen threshold 460 Card regions per heap region 1 cards per card region 2048

Heap:
 garbage-first heap   total 0K, used 0K [0x00000000c0000000, 0x0000000100000000)
  region size 1024K, 0 young (0K), 0 survivors (0K)

[error occurred during error reporting (printing heap information), id 0xc0000005, EXCEPTION_ACCESS_VIOLATION (0xc0000005) at pc=0x00007ffb426d39f9]
GC Heap History (0 events):
No events

Dll operation events (1 events):
Event: 0.094 Loaded shared library D:\develope\java\jdk-21.0.2\bin\java.dll

Deoptimization events (0 events):
No events

Classes loaded (0 events):
No events

Classes unloaded (0 events):
No events

Classes redefined (0 events):
No events

Internal exceptions (0 events):
No events

ZGC Phase Switch (0 events):
No events

VM Operations (0 events):
No events

Events (0 events):
No events


Dynamic libraries:
0x00007ff7e2710000 - 0x00007ff7e2720000 	D:\develope\java\jdk-21.0.2\bin\java.exe
0x00007ffbb4270000 - 0x00007ffbb4488000 	C:\WINDOWS\SYSTEM32\ntdll.dll
0x00007ffbb32d0000 - 0x00007ffbb3394000 	C:\WINDOWS\System32\KERNEL32.DLL
0x00007ffbb1b30000 - 0x00007ffbb1f03000 	C:\WINDOWS\System32\KERNELBASE.dll
0x00007ffbb1a10000 - 0x00007ffbb1b21000 	C:\WINDOWS\System32\ucrtbase.dll
0x00007ffbac7f0000 - 0x00007ffbac80b000 	D:\develope\java\jdk-21.0.2\bin\VCRUNTIME140.dll
0x00007ffbac7d0000 - 0x00007ffbac7e9000 	D:\develope\java\jdk-21.0.2\bin\jli.dll
0x00007ffbb4170000 - 0x00007ffbb4221000 	C:\WINDOWS\System32\ADVAPI32.dll
0x00007ffbb2760000 - 0x00007ffbb2807000 	C:\WINDOWS\System32\msvcrt.dll
0x00007ffbb2a30000 - 0x00007ffbb2ad8000 	C:\WINDOWS\System32\sechost.dll
0x00007ffbb15e0000 - 0x00007ffbb1608000 	C:\WINDOWS\System32\bcrypt.dll
0x00007ffbb3740000 - 0x00007ffbb3858000 	C:\WINDOWS\System32\RPCRT4.dll
0x00007ffbb3410000 - 0x00007ffbb35c2000 	C:\WINDOWS\System32\USER32.dll
0x00007ffbb1610000 - 0x00007ffbb1636000 	C:\WINDOWS\System32\win32u.dll
0x00007ffbb2b60000 - 0x00007ffbb2b89000 	C:\WINDOWS\System32\GDI32.dll
0x00007ffbb18f0000 - 0x00007ffbb1a0b000 	C:\WINDOWS\System32\gdi32full.dll
0x00007ffb9dae0000 - 0x00007ffb9dd7c000 	C:\WINDOWS\WinSxS\amd64_microsoft.windows.common-controls_6595b64144ccf1df_6.0.22621.6060_none_2712eda17382d24b\COMCTL32.dll
0x00007ffbb1380000 - 0x00007ffbb141a000 	C:\WINDOWS\System32\msvcp_win.dll
0x00007ffbaa170000 - 0x00007ffbaa17a000 	C:\WINDOWS\SYSTEM32\VERSION.dll
0x00007ffbb36e0000 - 0x00007ffbb3711000 	C:\WINDOWS\System32\IMM32.DLL
0x00007ffbac8e0000 - 0x00007ffbac8ec000 	D:\develope\java\jdk-21.0.2\bin\vcruntime140_1.dll
0x00007ffb93760000 - 0x00007ffb937ee000 	D:\develope\java\jdk-21.0.2\bin\msvcp140.dll
0x00007ffb41fb0000 - 0x00007ffb42cc7000 	D:\develope\java\jdk-21.0.2\bin\server\jvm.dll
0x00007ffbb2ae0000 - 0x00007ffbb2b51000 	C:\WINDOWS\System32\WS2_32.dll
0x00007ffbb01d0000 - 0x00007ffbb021d000 	C:\WINDOWS\SYSTEM32\POWRPROF.dll
0x00007ffbabb50000 - 0x00007ffbabb84000 	C:\WINDOWS\SYSTEM32\WINMM.dll
0x00007ffbb01b0000 - 0x00007ffbb01c3000 	C:\WINDOWS\SYSTEM32\UMPDC.dll
0x00007ffbb0450000 - 0x00007ffbb0468000 	C:\WINDOWS\SYSTEM32\kernel.appcore.dll
0x00007ffbac7c0000 - 0x00007ffbac7ca000 	D:\develope\java\jdk-21.0.2\bin\jimage.dll
0x00007ffbaeb00000 - 0x00007ffbaed33000 	C:\WINDOWS\SYSTEM32\DBGHELP.DLL
0x00007ffbb2f30000 - 0x00007ffbb32c1000 	C:\WINDOWS\System32\combase.dll
0x00007ffbb2b90000 - 0x00007ffbb2c68000 	C:\WINDOWS\System32\OLEAUT32.dll
0x00007ffb97b10000 - 0x00007ffb97b42000 	C:\WINDOWS\SYSTEM32\dbgcore.DLL
0x00007ffbb1640000 - 0x00007ffbb16bb000 	C:\WINDOWS\System32\bcryptPrimitives.dll
0x00007ffba9f00000 - 0x00007ffba9f0f000 	D:\develope\java\jdk-21.0.2\bin\instrument.dll
0x00007ffbabf80000 - 0x00007ffbabf9f000 	D:\develope\java\jdk-21.0.2\bin\java.dll

dbghelp: loaded successfully - version: 4.0.5 - missing functions: none
symbol engine: initialized successfully - sym options: 0x614 - pdb path: .;D:\develope\java\jdk-21.0.2\bin;C:\WINDOWS\SYSTEM32;C:\WINDOWS\WinSxS\amd64_microsoft.windows.common-controls_6595b64144ccf1df_6.0.22621.6060_none_2712eda17382d24b;D:\develope\java\jdk-21.0.2\bin\server

VM Arguments:
jvm_args: -Xms512m -Xmx1024m -XX:MetaspaceSize=128m -XX:MaxMetaspaceSize=256m -XX:+UseG1GC -XX:TieredStopAtLevel=1 -Dspring.output.ansi.enabled=always -Dcom.sun.management.jmxremote -Dspring.jmx.enabled=true -Dspring.liveBeansView.mbeanDomain -Dspring.application.admin.enabled=true -Dmanagement.endpoints.jmx.exposure.include=* -javaagent:D:\develope\IntelliJ IDEA 2023.3.4\lib\idea_rt.jar=51624:D:\develope\IntelliJ IDEA 2023.3.4\bin -Dfile.encoding=UTF-8 -Dsun.stdout.encoding=UTF-8 -Dsun.stderr.encoding=UTF-8 
java_command: com.example.SpringbootApplication
java_class_path (initial): D:\CardRent\CardRent\springboot\target\classes;D:\maven\repository\org\springframework\boot\spring-boot-starter-web\3.3.1\spring-boot-starter-web-3.3.1.jar;D:\maven\repository\org\springframework\boot\spring-boot-starter\3.3.1\spring-boot-starter-3.3.1.jar;D:\maven\repository\org\springframework\boot\spring-boot\3.3.1\spring-boot-3.3.1.jar;D:\maven\repository\org\springframework\boot\spring-boot-autoconfigure\3.3.1\spring-boot-autoconfigure-3.3.1.jar;D:\maven\repository\org\springframework\boot\spring-boot-starter-logging\3.3.1\spring-boot-starter-logging-3.3.1.jar;D:\maven\repository\ch\qos\logback\logback-classic\1.5.6\logback-classic-1.5.6.jar;D:\maven\repository\ch\qos\logback\logback-core\1.5.6\logback-core-1.5.6.jar;D:\maven\repository\org\apache\logging\log4j\log4j-to-slf4j\2.23.1\log4j-to-slf4j-2.23.1.jar;D:\maven\repository\org\apache\logging\log4j\log4j-api\2.23.1\log4j-api-2.23.1.jar;D:\maven\repository\org\slf4j\jul-to-slf4j\2.0.13\jul-to-slf4j-2.0.13.jar;D:\maven\repository\jakarta\annotation\jakarta.annotation-api\2.1.1\jakarta.annotation-api-2.1.1.jar;D:\maven\repository\org\springframework\spring-core\6.1.10\spring-core-6.1.10.jar;D:\maven\repository\org\springframework\spring-jcl\6.1.10\spring-jcl-6.1.10.jar;D:\maven\repository\org\yaml\snakeyaml\2.2\snakeyaml-2.2.jar;D:\maven\repository\org\springframework\boot\spring-boot-starter-json\3.3.1\spring-boot-starter-json-3.3.1.jar;D:\maven\repository\com\fasterxml\jackson\core\jackson-databind\2.17.1\jackson-databind-2.17.1.jar;D:\maven\repository\com\fasterxml\jackson\core\jackson-annotations\2.17.1\jackson-annotations-2.17.1.jar;D:\maven\repository\com\fasterxml\jackson\core\jackson-core\2.17.1\jackson-core-2.17.1.jar;D:\maven\repository\com\fasterxml\jackson\datatype\jackson-datatype-jdk8\2.17.1\jackson-datatype-jdk8-2.17.1.jar;D:\maven\repository\com\fasterxml\jackson\datatype\jackson-datatype-jsr310\2.17.1\jackson-datatype-jsr310-2.17.1.jar;D:\maven\repository\com\fasterxml\jackson\module\jackson-module-parameter-names\2.17.1\jackson-module-parameter-names-2.17.1.jar;D:\maven\repository\org\springframework\boot\spring-boot-starter-tomcat\3.3.1\spring-boot-starter-tomcat-3.3.1.jar;D:\maven\repository\org\apache\tomcat\embed\tomcat-embed-core\10.1.25\tomcat-embed-core-10.1.25.jar;D:\maven\repository\org\apache\tomcat\embed\tomcat-embed-el\10.1.25\tomcat-embed-el-10.1.25.jar;D:\maven\repository\org\apache\tomcat\embed\tomcat-embed-websocket\10.1.25\tomcat-embed-websocket-10.1.25.jar;D:\maven\repository\org\springframework\spring-web\6.1.10\spring-web-6.1.10.jar;D:\maven\repository\org\springframework\spring-beans\6.1.10\spring-beans-6.1.10.jar;D:\maven\repository\io\micrometer\micrometer-observation\1.13.1\micrometer-observation-1.13.1.jar;D:\maven\repository\io\micrometer\micrometer-commons\1.13.1\micrometer-commons-1.13.1.jar;D:\maven\repository\org\springframework\spring-webmvc\6.1.10\spring-webmvc-6.1.10.jar;D:\maven\repository\org\springframework\spring-aop\6.1.10\spring-aop-6.1.10.jar;D:\maven\repository\org\springframework\spring-context\6.1.10\spring-context-6.1.10.jar;D:\maven\repository\org\springframework\spring-expression\6.1.10\spring-expression-6.1.10.jar;D:\maven\repository\org\mybatis\spring\boot\mybatis-spring-boot-starter\3.0.3\mybatis-spring-boot-starter-3.0.3.jar;D:\maven\repository\org\springframework\boot\spring-boot-starter-jdbc\3.3.1\spring-boot-starter-jdbc-3.3.1.jar;D:\maven\repository\com\zaxxer\HikariCP\5.1.0\HikariCP-5.1.0.jar;D:\maven\repository\org\slf4j\slf4j-api\2.0.13\slf4j-api-2.0.13.jar;D:\maven\repository\org\springframework\spring-jdbc\6.1.10\spring-jdbc-6.1.10.jar;D:\maven\repository\org\springframework\spring-tx\6.1.10\spring-tx-6.1.10.jar;D:\maven\repository\org\mybatis\spring\boot\mybatis-spring-boot-autoconfigure\3.0.3\mybatis-spring-boot-autoconfigure-3.0.3.jar;D:\maven\repository\org\mybatis\mybatis\3.5.14\mybatis-3.5.14.jar;D:\maven\repository\org\mybatis\mybatis-spring\3.0.3\mybatis-spring-3.0.3.jar;D:\maven\repository\com\mysql\mysql-connector-j\8.3.0\mysql-connector-j-8.3.0.jar;D:\maven\repository\cn\hutool\hutool-all\5.8.25\hutool-all-5.8.25.jar;D:\maven\repository\com\github\pagehelper\pagehelper-spring-boot-starter\1.4.6\pagehelper-spring-boot-starter-1.4.6.jar;D:\maven\repository\com\github\pagehelper\pagehelper-spring-boot-autoconfigure\1.4.6\pagehelper-spring-boot-autoconfigure-1.4.6.jar;D:\maven\repository\com\github\pagehelper\pagehelper\5.3.2\pagehelper-5.3.2.jar;D:\maven\repository\com\github\jsqlparser\jsqlparser\4.5\jsqlparser-4.5.jar
Launcher Type: SUN_STANDARD

[Global flags]
     intx CICompilerCount                          = 4                                         {product} {ergonomic}
   size_t CompressedClassSpaceSize                 = 218103808                                 {product} {ergonomic}
     uint ConcGCThreads                            = 2                                         {product} {ergonomic}
     uint G1ConcRefinementThreads                  = 8                                         {product} {ergonomic}
   size_t G1HeapRegionSize                         = 1048576                                   {product} {ergonomic}
    uintx GCDrainStackTargetSize                   = 64                                        {product} {ergonomic}
   size_t InitialHeapSize                          = 536870912                                 {product} {command line}
     bool ManagementServer                         = true                                      {product} {command line}
   size_t MarkStackSize                            = 4194304                                   {product} {ergonomic}
   size_t MaxHeapSize                              = 1073741824                                {product} {command line}
   size_t MaxMetaspaceSize                         = 268435456                                 {product} {command line}
   size_t MetaspaceSize                            = 134217728                                 {product} {command line}
   size_t MinHeapDeltaBytes                        = 1048576                                   {product} {ergonomic}
   size_t MinHeapSize                              = 536870912                                 {product} {command line}
    uintx NonNMethodCodeHeapSize                   = 4096                                   {pd product} {ergonomic}
    uintx NonProfiledCodeHeapSize                  = 0                                      {pd product} {ergonomic}
     bool ProfileInterpreter                       = false                                  {pd product} {command line}
    uintx ProfiledCodeHeapSize                     = 0                                      {pd product} {ergonomic}
   size_t SoftMaxHeapSize                          = 1073741824                             {manageable} {ergonomic}
     intx TieredStopAtLevel                        = 1                                         {product} {command line}
     bool UseCompressedOops                        = true                           {product lp64_product} {ergonomic}
     bool UseG1GC                                  = true                                      {product} {command line}
     bool UseLargePagesIndividualAllocation        = false                                  {pd product} {ergonomic}

Logging:
Log output configuration:
 #0: stdout all=warning uptime,level,tags foldmultilines=false
 #1: stderr all=off uptime,level,tags foldmultilines=false

Environment Variables:
JAVA_HOME=D:\develope\java\jdk-21.0.2
PATH=e:\⻏璃\cursor\resources\app\bin;D;\develope\java\jdk-21.0.2\bin;D:\develope\java\jdk-21.0.2\jre;C:\Program Files\Common Files\Oracle\Java\javapath;C:\Program Files (x86)\Common Files\Intel\Shared Libraries\redist\intel64\compiler;C:\WINDOWS\system32;C:\WINDOWS;C:\WINDOWS\System32\Wbem;C:\WINDOWS\System32\WindowsPowerShell\v1.0\;C:\WINDOWS\System32\OpenSSH\;D:\develope\apache-tomcat-9.0.96\bin;D:\develope\apache-maven-3.9.9\bin;D:\develope\Node;D:\develope\mysql-8.0.22-winx64\bin;C:\Users\lenovo\AppData\Local\Microsoft\WindowsApps;C:\Users\lenovo\AppData\Roaming\npm;E:\develope\cursor\resources\app\bin;E:\⻏璃\cursor\resources\app\bin;e;\⻏璃\cursor\resources\app\bin;%;ATALINA_HOME%\lib;E:\⻏璃\Microsoft VS Code\bin;E:\⻏璃\Git\cmd;E:\⻏璃\Git\bin;C:\Users\lenovo\AppData\Local\Microsoft\WindowsApps;E:\develope\Microsoft VS Code\bin;C:\Users\lenovo\AppData\Roaming\npm;E:\develope\cursor\resources\app\bin;E:\⻏璃\cursor\resources\app\bin
USERNAME=lenovo
OS=Windows_NT
PROCESSOR_IDENTIFIER=Intel64 Family 6 Model 142 Stepping 10, GenuineIntel
TMP=C:\Users\lenovo\AppData\Local\Temp
TEMP=C:\Users\lenovo\AppData\Local\Temp




Periodic native trim disabled

---------------  S Y S T E M  ---------------

OS:
 Windows 11 , 64 bit Build 22621 (10.0.22621.5415)
OS uptime: 0 days 0:14 hours

CPU: total 8 (initial active 8) (4 cores per cpu, 2 threads per core) family 6 model 142 stepping 10 microcode 0xe0, cx8, cmov, fxsr, ht, mmx, 3dnowpref, sse, sse2, sse3, ssse3, sse4.1, sse4.2, popcnt, lzcnt, tsc, tscinvbit, avx, avx2, aes, erms, clmul, bmi1, bmi2, adx, fma, vzeroupper, clflush, clflushopt, rdtscp, f16c
Processor Information for all 8 processors :
  Max Mhz: 1801, Current Mhz: 400, Mhz Limit: 1584

Memory: 4k page, system-wide physical 3962M (182M free)
TotalPageFile size 12154M (AvailPageFile size 256M)
current process WorkingSet (physical memory assigned to process): 12M, peak: 12M
current process commit charge ("private bytes"): 55M, peak: 567M

vm_info: Java HotSpot(TM) 64-Bit Server VM (21.0.2+13-LTS-58) for windows-amd64 JRE (21.0.2+13-LTS-58), built on 2024-01-05T18:32:24Z by "mach5one" with MS VC++ 17.1 (VS2022)

END.
