#
# There is insufficient memory for the Java Runtime Environment to continue.
# Native memory allocation (malloc) failed to allocate 32744 bytes for Chunk::new
# Possible reasons:
#   The system is out of physical RAM or swap space
#   The process is running with CompressedOops enabled, and the Java Heap may be blocking the growth of the native heap
# Possible solutions:
#   Reduce memory load on the system
#   Increase physical memory or swap space
#   Check if swap backing store is full
#   Decrease Java heap size (-Xmx/-Xms)
#   Decrease number of Java threads
#   Decrease Java thread stack sizes (-Xss)
#   Set larger code cache with -XX:ReservedCodeCacheSize=
#   JVM is running with Unscaled Compressed Oops mode in which the Java heap is
#     placed in the first 4GB address space. The Java Heap base address is the
#     maximum limit for the native heap growth. Please use -XX:HeapBaseMinAddress
#     to set the Java Heap base and to place the Java Heap above 4GB virtual address.
# This output file may be truncated or incomplete.
#
#  Out of Memory Error (arena.cpp:168), pid=15560, tid=10560
#
# JRE version: Java(TM) SE Runtime Environment (21.0.2+13) (build 21.0.2+13-LTS-58)
# Java VM: Java HotSpot(TM) 64-Bit Server VM (21.0.2+13-LTS-58, mixed mode, emulated-client, sharing, tiered, compressed oops, compressed class ptrs, g1 gc, windows-amd64)
# No core dump will be written. Minidumps are not enabled by default on client versions of Windows
#

---------------  S U M M A R Y ------------

Command Line: -XX:TieredStopAtLevel=1 -Dspring.output.ansi.enabled=always -Dcom.sun.management.jmxremote -Dspring.jmx.enabled=true -Dspring.liveBeansView.mbeanDomain -Dspring.application.admin.enabled=true -Dmanagement.endpoints.jmx.exposure.include=* -javaagent:D:\develope\IntelliJ IDEA 2023.3.4\lib\idea_rt.jar=57911:D:\develope\IntelliJ IDEA 2023.3.4\bin -Dfile.encoding=UTF-8 -Dsun.stdout.encoding=UTF-8 -Dsun.stderr.encoding=UTF-8 com.example.SpringbootApplication

Host: Intel(R) Core(TM) i5-8250U CPU @ 1.60GHz, 8 cores, 3G,  Windows 11 , 64 bit Build 22621 (10.0.22621.5415)
Time: Sat Feb 28 17:14:24 2026  Windows 11 , 64 bit Build 22621 (10.0.22621.5415) elapsed time: 5.312285 seconds (0d 0h 0m 5s)

---------------  T H R E A D  ---------------

Current thread (0x000001397e799c50):  JavaThread "C1 CompilerThread0" daemon [_thread_in_native, id=10560, stack(0x0000002a16400000,0x0000002a16500000) (1024K)]


Current CompileTask:
C1:   5312 1290       1       java.net.URLStreamHandler::parseURL (1124 bytes)

Stack: [0x0000002a16400000,0x0000002a16500000]
Native frames: (J=compiled Java code, j=interpreted, Vv=VM code, C=native code)
V  [jvm.dll+0x6cade9]
V  [jvm.dll+0x8569c1]
V  [jvm.dll+0x858d2e]
V  [jvm.dll+0x859413]
V  [jvm.dll+0x280e56]
V  [jvm.dll+0xc3f3d]
V  [jvm.dll+0xc4473]
V  [jvm.dll+0x19c25f]
V  [jvm.dll+0x19b12e]
V  [jvm.dll+0x154953]
V  [jvm.dll+0x154208]
V  [jvm.dll+0x154444]
V  [jvm.dll+0x153886]
V  [jvm.dll+0x1555ed]
V  [jvm.dll+0x258859]
V  [jvm.dll+0x256e3a]
V  [jvm.dll+0x3ef6c6]
V  [jvm.dll+0x7ff568]
V  [jvm.dll+0x6c953d]
C  [ucrtbase.dll+0x29333]
C  [KERNEL32.DLL+0x1259d]
C  [ntdll.dll+0x5af78]


---------------  P R O C E S S  ---------------

Threads class SMR info:
_java_thread_list=0x000001397f068e80, length=12, elements={
0x000001396d3b7200, 0x000001397e78cee0, 0x000001397e78de00, 0x000001397e792d40,
0x000001397e796d20, 0x000001397e798790, 0x000001397e7991f0, 0x000001397e799c50,
0x000001397e837340, 0x000001397ec1f2b0, 0x000001397ec21150, 0x000001397f0a5020
}

Java Threads: ( => current thread )
  0x000001396d3b7200 JavaThread "main"                              [_thread_in_vm, id=14416, stack(0x0000002a15600000,0x0000002a15700000) (1024K)]
  0x000001397e78cee0 JavaThread "Reference Handler"          daemon [_thread_blocked, id=14580, stack(0x0000002a15e00000,0x0000002a15f00000) (1024K)]
  0x000001397e78de00 JavaThread "Finalizer"                  daemon [_thread_blocked, id=4652, stack(0x0000002a15f00000,0x0000002a16000000) (1024K)]
  0x000001397e792d40 JavaThread "Signal Dispatcher"          daemon [_thread_blocked, id=18500, stack(0x0000002a16000000,0x0000002a16100000) (1024K)]
  0x000001397e796d20 JavaThread "Attach Listener"            daemon [_thread_blocked, id=17596, stack(0x0000002a16100000,0x0000002a16200000) (1024K)]
  0x000001397e798790 JavaThread "Service Thread"             daemon [_thread_blocked, id=12056, stack(0x0000002a16200000,0x0000002a16300000) (1024K)]
  0x000001397e7991f0 JavaThread "Monitor Deflation Thread"   daemon [_thread_blocked, id=12044, stack(0x0000002a16300000,0x0000002a16400000) (1024K)]
=>0x000001397e799c50 JavaThread "C1 CompilerThread0"         daemon [_thread_in_native, id=10560, stack(0x0000002a16400000,0x0000002a16500000) (1024K)]
  0x000001397e837340 JavaThread "Common-Cleaner"             daemon [_thread_blocked, id=13712, stack(0x0000002a16500000,0x0000002a16600000) (1024K)]
  0x000001397ec1f2b0 JavaThread "Monitor Ctrl-Break"         daemon [_thread_in_native, id=6780, stack(0x0000002a16600000,0x0000002a16700000) (1024K)]
  0x000001397ec21150 JavaThread "Notification Thread"        daemon [_thread_blocked, id=6812, stack(0x0000002a16700000,0x0000002a16800000) (1024K)]
  0x000001397f0a5020 JavaThread "RMI TCP Accept-0"           daemon [_thread_in_native, id=9492, stack(0x0000002a16800000,0x0000002a16900000) (1024K)]
Total: 12

Other Threads:
  0x000001397e771020 VMThread "VM Thread"                           [id=13980, stack(0x0000002a15d00000,0x0000002a15e00000) (1024K)]
  0x000001396d5aea60 WatcherThread "VM Periodic Task Thread"        [id=18720, stack(0x0000002a15c00000,0x0000002a15d00000) (1024K)]
  0x000001396d528fe0 WorkerThread "GC Thread#0"                     [id=10896, stack(0x0000002a15700000,0x0000002a15800000) (1024K)]
  0x000001396d532510 ConcurrentGCThread "G1 Main Marker"            [id=5148, stack(0x0000002a15800000,0x0000002a15900000) (1024K)]
  0x000001396d533010 WorkerThread "G1 Conc#0"                       [id=16608, stack(0x0000002a15900000,0x0000002a15a00000) (1024K)]
  0x000001396d59cd90 ConcurrentGCThread "G1 Refine#0"               [id=17588, stack(0x0000002a15a00000,0x0000002a15b00000) (1024K)]
  0x000001396d59d900 ConcurrentGCThread "G1 Service"                [id=16140, stack(0x0000002a15b00000,0x0000002a15c00000) (1024K)]
Total: 7

Threads with active compile tasks:
C1 CompilerThread0     5507 1290       1       java.net.URLStreamHandler::parseURL (1124 bytes)
Total: 1

VM state: not at safepoint (normal execution)

VM Mutex/Monitor currently owned by a thread: None

Heap address: 0x00000000c2000000, size: 992 MB, Compressed Oops mode: 32-bit

CDS archive(s) mapped at: [0x0000013900000000-0x0000013900c90000-0x0000013900c90000), size 13172736, SharedBaseAddress: 0x0000013900000000, ArchiveRelocationMode: 1.
Compressed class space mapped at: 0x0000013901000000-0x0000013941000000, reserved size: 1073741824
Narrow klass base: 0x0000013900000000, Narrow klass shift: 0, Narrow klass range: 0x100000000

GC Precious Log:
 CardTable entry size: 512
 Card Set container configuration: InlinePtr #cards 5 size 8 Array Of Cards #cards 12 size 40 Howl #buckets 4 coarsen threshold 1843 Howl Bitmap #cards 512 size 80 coarsen threshold 460 Card regions per heap region 1 cards per card region 2048
 CPUs: 8 total, 8 available
 Memory: 3962M
 Large Page Support: Disabled
 NUMA Support: Disabled
 Compressed Oops: Enabled (32-bit)
 Heap Region Size: 1M
 Heap Min Capacity: 8M
 Heap Initial Capacity: 62M
 Heap Max Capacity: 992M
 Pre-touch: Disabled
 Parallel Workers: 8
 Concurrent Workers: 2
 Concurrent Refinement Workers: 8
 Periodic GC: Disabled

Heap:
 garbage-first heap   total 63488K, used 18432K [0x00000000c2000000, 0x0000000100000000)
  region size 1024K, 19 young (19456K), 0 survivors (0K)
 Metaspace       used 7194K, committed 7424K, reserved 1114112K
  class space    used 877K, committed 960K, reserved 1048576K

Heap Regions: E=young(eden), S=young(survivor), O=old, HS=humongous(starts), HC=humongous(continues), CS=collection set, F=free, TAMS=top-at-mark-start, PB=parsable bottom
|   0|0x00000000c2000000, 0x00000000c2000000, 0x00000000c2100000|  0%| F|  |TAMS 0x00000000c2000000| PB 0x00000000c2000000| Untracked 
|   1|0x00000000c2100000, 0x00000000c2100000, 0x00000000c2200000|  0%| F|  |TAMS 0x00000000c2100000| PB 0x00000000c2100000| Untracked 
|   2|0x00000000c2200000, 0x00000000c2200000, 0x00000000c2300000|  0%| F|  |TAMS 0x00000000c2200000| PB 0x00000000c2200000| Untracked 
|   3|0x00000000c2300000, 0x00000000c2300000, 0x00000000c2400000|  0%| F|  |TAMS 0x00000000c2300000| PB 0x00000000c2300000| Untracked 
|   4|0x00000000c2400000, 0x00000000c2400000, 0x00000000c2500000|  0%| F|  |TAMS 0x00000000c2400000| PB 0x00000000c2400000| Untracked 
|   5|0x00000000c2500000, 0x00000000c2500000, 0x00000000c2600000|  0%| F|  |TAMS 0x00000000c2500000| PB 0x00000000c2500000| Untracked 
|   6|0x00000000c2600000, 0x00000000c2600000, 0x00000000c2700000|  0%| F|  |TAMS 0x00000000c2600000| PB 0x00000000c2600000| Untracked 
|   7|0x00000000c2700000, 0x00000000c2700000, 0x00000000c2800000|  0%| F|  |TAMS 0x00000000c2700000| PB 0x00000000c2700000| Untracked 
|   8|0x00000000c2800000, 0x00000000c2800000, 0x00000000c2900000|  0%| F|  |TAMS 0x00000000c2800000| PB 0x00000000c2800000| Untracked 
|   9|0x00000000c2900000, 0x00000000c2900000, 0x00000000c2a00000|  0%| F|  |TAMS 0x00000000c2900000| PB 0x00000000c2900000| Untracked 
|  10|0x00000000c2a00000, 0x00000000c2a00000, 0x00000000c2b00000|  0%| F|  |TAMS 0x00000000c2a00000| PB 0x00000000c2a00000| Untracked 
|  11|0x00000000c2b00000, 0x00000000c2b00000, 0x00000000c2c00000|  0%| F|  |TAMS 0x00000000c2b00000| PB 0x00000000c2b00000| Untracked 
|  12|0x00000000c2c00000, 0x00000000c2c00000, 0x00000000c2d00000|  0%| F|  |TAMS 0x00000000c2c00000| PB 0x00000000c2c00000| Untracked 
|  13|0x00000000c2d00000, 0x00000000c2d00000, 0x00000000c2e00000|  0%| F|  |TAMS 0x00000000c2d00000| PB 0x00000000c2d00000| Untracked 
|  14|0x00000000c2e00000, 0x00000000c2e00000, 0x00000000c2f00000|  0%| F|  |TAMS 0x00000000c2e00000| PB 0x00000000c2e00000| Untracked 
|  15|0x00000000c2f00000, 0x00000000c2f00000, 0x00000000c3000000|  0%| F|  |TAMS 0x00000000c2f00000| PB 0x00000000c2f00000| Untracked 
|  16|0x00000000c3000000, 0x00000000c3000000, 0x00000000c3100000|  0%| F|  |TAMS 0x00000000c3000000| PB 0x00000000c3000000| Untracked 
|  17|0x00000000c3100000, 0x00000000c3100000, 0x00000000c3200000|  0%| F|  |TAMS 0x00000000c3100000| PB 0x00000000c3100000| Untracked 
|  18|0x00000000c3200000, 0x00000000c3200000, 0x00000000c3300000|  0%| F|  |TAMS 0x00000000c3200000| PB 0x00000000c3200000| Untracked 
|  19|0x00000000c3300000, 0x00000000c3300000, 0x00000000c3400000|  0%| F|  |TAMS 0x00000000c3300000| PB 0x00000000c3300000| Untracked 
|  20|0x00000000c3400000, 0x00000000c3400000, 0x00000000c3500000|  0%| F|  |TAMS 0x00000000c3400000| PB 0x00000000c3400000| Untracked 
|  21|0x00000000c3500000, 0x00000000c3500000, 0x00000000c3600000|  0%| F|  |TAMS 0x00000000c3500000| PB 0x00000000c3500000| Untracked 
|  22|0x00000000c3600000, 0x00000000c3600000, 0x00000000c3700000|  0%| F|  |TAMS 0x00000000c3600000| PB 0x00000000c3600000| Untracked 
|  23|0x00000000c3700000, 0x00000000c3700000, 0x00000000c3800000|  0%| F|  |TAMS 0x00000000c3700000| PB 0x00000000c3700000| Untracked 
|  24|0x00000000c3800000, 0x00000000c3800000, 0x00000000c3900000|  0%| F|  |TAMS 0x00000000c3800000| PB 0x00000000c3800000| Untracked 
|  25|0x00000000c3900000, 0x00000000c3900000, 0x00000000c3a00000|  0%| F|  |TAMS 0x00000000c3900000| PB 0x00000000c3900000| Untracked 
|  26|0x00000000c3a00000, 0x00000000c3a00000, 0x00000000c3b00000|  0%| F|  |TAMS 0x00000000c3a00000| PB 0x00000000c3a00000| Untracked 
|  27|0x00000000c3b00000, 0x00000000c3b00000, 0x00000000c3c00000|  0%| F|  |TAMS 0x00000000c3b00000| PB 0x00000000c3b00000| Untracked 
|  28|0x00000000c3c00000, 0x00000000c3c00000, 0x00000000c3d00000|  0%| F|  |TAMS 0x00000000c3c00000| PB 0x00000000c3c00000| Untracked 
|  29|0x00000000c3d00000, 0x00000000c3d00000, 0x00000000c3e00000|  0%| F|  |TAMS 0x00000000c3d00000| PB 0x00000000c3d00000| Untracked 
|  30|0x00000000c3e00000, 0x00000000c3e00000, 0x00000000c3f00000|  0%| F|  |TAMS 0x00000000c3e00000| PB 0x00000000c3e00000| Untracked 
|  31|0x00000000c3f00000, 0x00000000c3f00000, 0x00000000c4000000|  0%| F|  |TAMS 0x00000000c3f00000| PB 0x00000000c3f00000| Untracked 
|  32|0x00000000c4000000, 0x00000000c4000000, 0x00000000c4100000|  0%| F|  |TAMS 0x00000000c4000000| PB 0x00000000c4000000| Untracked 
|  33|0x00000000c4100000, 0x00000000c4100000, 0x00000000c4200000|  0%| F|  |TAMS 0x00000000c4100000| PB 0x00000000c4100000| Untracked 
|  34|0x00000000c4200000, 0x00000000c4200000, 0x00000000c4300000|  0%| F|  |TAMS 0x00000000c4200000| PB 0x00000000c4200000| Untracked 
|  35|0x00000000c4300000, 0x00000000c4300000, 0x00000000c4400000|  0%| F|  |TAMS 0x00000000c4300000| PB 0x00000000c4300000| Untracked 
|  36|0x00000000c4400000, 0x00000000c4400000, 0x00000000c4500000|  0%| F|  |TAMS 0x00000000c4400000| PB 0x00000000c4400000| Untracked 
|  37|0x00000000c4500000, 0x00000000c4500000, 0x00000000c4600000|  0%| F|  |TAMS 0x00000000c4500000| PB 0x00000000c4500000| Untracked 
|  38|0x00000000c4600000, 0x00000000c4600000, 0x00000000c4700000|  0%| F|  |TAMS 0x00000000c4600000| PB 0x00000000c4600000| Untracked 
|  39|0x00000000c4700000, 0x00000000c4700000, 0x00000000c4800000|  0%| F|  |TAMS 0x00000000c4700000| PB 0x00000000c4700000| Untracked 
|  40|0x00000000c4800000, 0x00000000c4800000, 0x00000000c4900000|  0%| F|  |TAMS 0x00000000c4800000| PB 0x00000000c4800000| Untracked 
|  41|0x00000000c4900000, 0x00000000c4900000, 0x00000000c4a00000|  0%| F|  |TAMS 0x00000000c4900000| PB 0x00000000c4900000| Untracked 
|  42|0x00000000c4a00000, 0x00000000c4a00000, 0x00000000c4b00000|  0%| F|  |TAMS 0x00000000c4a00000| PB 0x00000000c4a00000| Untracked 
|  43|0x00000000c4b00000, 0x00000000c4bf4918, 0x00000000c4c00000| 95%| E|  |TAMS 0x00000000c4b00000| PB 0x00000000c4b00000| Complete 
|  44|0x00000000c4c00000, 0x00000000c4d00000, 0x00000000c4d00000|100%| E|CS|TAMS 0x00000000c4c00000| PB 0x00000000c4c00000| Complete 
|  45|0x00000000c4d00000, 0x00000000c4e00000, 0x00000000c4e00000|100%| E|CS|TAMS 0x00000000c4d00000| PB 0x00000000c4d00000| Complete 
|  46|0x00000000c4e00000, 0x00000000c4f00000, 0x00000000c4f00000|100%| E|CS|TAMS 0x00000000c4e00000| PB 0x00000000c4e00000| Complete 
|  47|0x00000000c4f00000, 0x00000000c5000000, 0x00000000c5000000|100%| E|CS|TAMS 0x00000000c4f00000| PB 0x00000000c4f00000| Complete 
|  48|0x00000000c5000000, 0x00000000c5100000, 0x00000000c5100000|100%| E|CS|TAMS 0x00000000c5000000| PB 0x00000000c5000000| Complete 
|  49|0x00000000c5100000, 0x00000000c5200000, 0x00000000c5200000|100%| E|CS|TAMS 0x00000000c5100000| PB 0x00000000c5100000| Complete 
|  50|0x00000000c5200000, 0x00000000c5300000, 0x00000000c5300000|100%| E|CS|TAMS 0x00000000c5200000| PB 0x00000000c5200000| Complete 
|  51|0x00000000c5300000, 0x00000000c5400000, 0x00000000c5400000|100%| E|CS|TAMS 0x00000000c5300000| PB 0x00000000c5300000| Complete 
|  52|0x00000000c5400000, 0x00000000c5500000, 0x00000000c5500000|100%| E|CS|TAMS 0x00000000c5400000| PB 0x00000000c5400000| Complete 
|  53|0x00000000c5500000, 0x00000000c5600000, 0x00000000c5600000|100%| E|CS|TAMS 0x00000000c5500000| PB 0x00000000c5500000| Complete 
|  54|0x00000000c5600000, 0x00000000c5700000, 0x00000000c5700000|100%| E|CS|TAMS 0x00000000c5600000| PB 0x00000000c5600000| Complete 
|  55|0x00000000c5700000, 0x00000000c5800000, 0x00000000c5800000|100%| E|CS|TAMS 0x00000000c5700000| PB 0x00000000c5700000| Complete 
|  56|0x00000000c5800000, 0x00000000c5900000, 0x00000000c5900000|100%| E|CS|TAMS 0x00000000c5800000| PB 0x00000000c5800000| Complete 
|  57|0x00000000c5900000, 0x00000000c5a00000, 0x00000000c5a00000|100%| E|CS|TAMS 0x00000000c5900000| PB 0x00000000c5900000| Complete 
|  58|0x00000000c5a00000, 0x00000000c5b00000, 0x00000000c5b00000|100%| E|CS|TAMS 0x00000000c5a00000| PB 0x00000000c5a00000| Complete 
|  59|0x00000000c5b00000, 0x00000000c5c00000, 0x00000000c5c00000|100%| E|CS|TAMS 0x00000000c5b00000| PB 0x00000000c5b00000| Complete 
|  60|0x00000000c5c00000, 0x00000000c5d00000, 0x00000000c5d00000|100%| E|CS|TAMS 0x00000000c5c00000| PB 0x00000000c5c00000| Complete 
|  61|0x00000000c5d00000, 0x00000000c5e00000, 0x00000000c5e00000|100%| E|CS|TAMS 0x00000000c5d00000| PB 0x00000000c5d00000| Complete 

Card table byte_map: [0x000001397ac10000,0x000001397ae00000] _byte_map_base: 0x000001397a600000

Marking Bits: (CMBitMap*) 0x000001396d5296e0
 Bits: [0x000001397ae00000, 0x000001397bd80000)

Polling page: 0x000001396d5b0000

Metaspace:

Usage:
  Non-class:      6.21 MB used.
      Class:    885.91 KB used.
       Both:      7.08 MB used.

Virtual space:
  Non-class space:       64.00 MB reserved,       6.31 MB ( 10%) committed,  1 nodes.
      Class space:        1.00 GB reserved,     960.00 KB ( <1%) committed,  1 nodes.
             Both:        1.06 GB reserved,       7.25 MB ( <1%) committed. 

Chunk freelists:
   Non-Class:  9.41 MB
       Class:  15.00 MB
        Both:  24.40 MB

MaxMetaspaceSize: unlimited
CompressedClassSpaceSize: 1.00 GB
Initial GC threshold: 21.00 MB
Current GC threshold: 21.00 MB
CDS: on
 - commit_granule_bytes: 65536.
 - commit_granule_words: 8192.
 - virtual_space_node_default_size: 8388608.
 - enlarge_chunks_in_place: 1.
 - use_allocation_guard: 0.


Internal statistics:

num_allocs_failed_limit: 0.
num_arena_births: 182.
num_arena_deaths: 0.
num_vsnodes_births: 2.
num_vsnodes_deaths: 0.
num_space_committed: 116.
num_space_uncommitted: 0.
num_chunks_returned_to_freelist: 0.
num_chunks_taken_from_freelist: 278.
num_chunk_merges: 0.
num_chunk_splits: 187.
num_chunks_enlarged: 122.
num_inconsistent_stats: 0.

CodeCache: size=49152Kb used=3083Kb max_used=3083Kb free=46069Kb
 bounds [0x0000013977140000, 0x0000013977450000, 0x000001397a140000]
 total_blobs=1772 nmethods=1291 adapters=406
 compilation: enabled
              stopped_count=0, restarted_count=0
 full_count=0

Compilation events (20 events):
Event: 5.240 Thread 0x000001397e799c50 nmethod 1282 0x0000013977440590 code [0x0000013977440720, 0x00000139774407e8]
Event: 5.240 Thread 0x000001397e799c50 1278       1       java.util.jar.JarFile$JarFileEntry::<init> (16 bytes)
Event: 5.240 Thread 0x000001397e799c50 nmethod 1278 0x0000013977440890 code [0x0000013977440a40, 0x0000013977440be0]
Event: 5.241 Thread 0x000001397e799c50 1279       1       java.util.jar.JarEntry::<init> (6 bytes)
Event: 5.241 Thread 0x000001397e799c50 nmethod 1279 0x0000013977440c90 code [0x0000013977440e40, 0x0000013977440f20]
Event: 5.241 Thread 0x000001397e799c50 1283       1       java.util.HashMap::tableSizeFor (32 bytes)
Event: 5.241 Thread 0x000001397e799c50 nmethod 1283 0x0000013977440f90 code [0x0000013977441140, 0x0000013977441278]
Event: 5.241 Thread 0x000001397e799c50 1284       1       java.util.stream.AbstractPipeline::getStreamAndOpFlags (5 bytes)
Event: 5.241 Thread 0x000001397e799c50 nmethod 1284 0x0000013977441310 code [0x00000139774414a0, 0x0000013977441568]
Event: 5.241 Thread 0x000001397e799c50 1285       1       sun.nio.fs.NativeBuffer::size (5 bytes)
Event: 5.242 Thread 0x000001397e799c50 nmethod 1285 0x0000013977441610 code [0x00000139774417a0, 0x0000013977441868]
Event: 5.242 Thread 0x000001397e799c50 1286       1       sun.nio.fs.NativeBuffer::setOwner (6 bytes)
Event: 5.242 Thread 0x000001397e799c50 nmethod 1286 0x0000013977441910 code [0x0000013977441aa0, 0x0000013977441bb0]
Event: 5.242 Thread 0x000001397e799c50 1287       1       org.springframework.util.StringUtils::hasLength (17 bytes)
Event: 5.242 Thread 0x000001397e799c50 nmethod 1287 0x0000013977441c10 code [0x0000013977441da0, 0x0000013977441e88]
Event: 5.243 Thread 0x000001397e799c50 1288       1       java.lang.Float::isNaN (12 bytes)
Event: 5.243 Thread 0x000001397e799c50 nmethod 1288 0x0000013977441f90 code [0x0000013977442120, 0x00000139774421f8]
Event: 5.253 Thread 0x000001397e799c50 1289       1       sun.net.www.protocol.jar.Handler::checkNestedProtocol (18 bytes)
Event: 5.254 Thread 0x000001397e799c50 nmethod 1289 0x0000013977442290 code [0x0000013977442440, 0x0000013977442590]
Event: 5.257 Thread 0x000001397e799c50 1290       1       java.net.URLStreamHandler::parseURL (1124 bytes)

GC Heap History (0 events):
No events

Dll operation events (11 events):
Event: 0.572 Loaded shared library D:\develope\java\jdk-21.0.2\bin\java.dll
Event: 2.148 Loaded shared library D:\develope\java\jdk-21.0.2\bin\zip.dll
Event: 2.175 Loaded shared library D:\develope\java\jdk-21.0.2\bin\instrument.dll
Event: 2.206 Loaded shared library D:\develope\java\jdk-21.0.2\bin\net.dll
Event: 2.219 Loaded shared library D:\develope\java\jdk-21.0.2\bin\nio.dll
Event: 2.234 Loaded shared library D:\develope\java\jdk-21.0.2\bin\zip.dll
Event: 2.601 Loaded shared library D:\develope\IntelliJ IDEA 2023.3.4\bin\breakgen64.dll
Event: 2.631 Loaded shared library D:\develope\java\jdk-21.0.2\bin\jimage.dll
Event: 2.740 Loaded shared library D:\develope\java\jdk-21.0.2\bin\extnet.dll
Event: 2.792 Loaded shared library D:\develope\java\jdk-21.0.2\bin\management.dll
Event: 2.893 Loaded shared library D:\develope\java\jdk-21.0.2\bin\management_ext.dll

Deoptimization events (0 events):
No events

Classes loaded (20 events):
Event: 5.211 Loading class java/nio/file/NoSuchFileException
Event: 5.211 Loading class java/nio/file/FileSystemException
Event: 5.212 Loading class java/nio/file/FileSystemException done
Event: 5.212 Loading class java/nio/file/NoSuchFileException done
Event: 5.212 Loading class java/io/UncheckedIOException
Event: 5.213 Loading class java/io/UncheckedIOException done
Event: 5.220 Loading class java/net/HttpURLConnection
Event: 5.221 Loading class java/net/HttpURLConnection done
Event: 5.229 Loading class java/net/URLDecoder
Event: 5.230 Loading class java/net/URLDecoder done
Event: 5.248 Loading class java/util/stream/DistinctOps
Event: 5.248 Loading class java/util/stream/DistinctOps done
Event: 5.248 Loading class java/util/stream/DistinctOps$1
Event: 5.249 Loading class java/util/stream/ReferencePipeline$StatefulOp
Event: 5.250 Loading class java/util/stream/ReferencePipeline$StatefulOp done
Event: 5.250 Loading class java/util/stream/DistinctOps$1 done
Event: 5.250 Loading class java/util/stream/DistinctOps$1$2
Event: 5.250 Loading class java/util/stream/DistinctOps$1$2 done
Event: 5.280 Loading class java/lang/reflect/UndeclaredThrowableException
Event: 5.280 Loading class java/lang/reflect/UndeclaredThrowableException done

Classes unloaded (0 events):
No events

Classes redefined (0 events):
No events

Internal exceptions (20 events):
Event: 2.554 Thread 0x000001396d3b7200 Exception <a 'java/lang/NoSuchMethodError'{0x00000000c5839730}: 'void java.lang.invoke.DirectMethodHandle$Holder.invokeStatic(java.lang.Object, java.lang.Object, java.lang.Object)'> (0x00000000c5839730) 
thrown [s\open\src\hotspot\share\interpreter\linkResolver.cpp, line 773]
Event: 2.575 Thread 0x000001396d3b7200 Exception <a 'java/lang/NoSuchMethodError'{0x00000000c5850c38}: 'java.lang.Object java.lang.invoke.Invokers$Holder.invokeExact_MT(java.lang.Object, java.lang.Object, java.lang.Object, java.lang.Object, java.lang.Object)'> (0x00000000c5850c38) 
thrown [s\open\src\hotspot\share\interpreter\linkResolver.cpp, line 773]
Event: 2.748 Thread 0x000001397ec1f2b0 Exception <a 'java/lang/NoSuchMethodError'{0x00000000c58ad960}: 'void java.lang.invoke.DirectMethodHandle$Holder.invokeStatic(java.lang.Object, java.lang.Object)'> (0x00000000c58ad960) 
thrown [s\open\src\hotspot\share\interpreter\linkResolver.cpp, line 773]
Event: 2.934 Thread 0x000001396d3b7200 Exception <a 'java/lang/NoSuchMethodError'{0x00000000c5899c10}: 'int java.lang.invoke.DirectMethodHandle$Holder.invokeInterface(java.lang.Object, java.lang.Object)'> (0x00000000c5899c10) 
thrown [s\open\src\hotspot\share\interpreter\linkResolver.cpp, line 773]
Event: 2.936 Thread 0x000001396d3b7200 Exception <a 'java/lang/IncompatibleClassChangeError'{0x00000000c589cf28}: Found class java.lang.Object, but interface was expected> (0x00000000c589cf28) 
thrown [s\open\src\hotspot\share\interpreter\linkResolver.cpp, line 840]
Event: 3.239 Thread 0x000001396d3b7200 Exception <a 'java/lang/NoSuchMethodError'{0x00000000c57bd6a0}: 'int java.lang.invoke.DirectMethodHandle$Holder.invokeSpecial(java.lang.Object, java.lang.Object, java.lang.Object)'> (0x00000000c57bd6a0) 
thrown [s\open\src\hotspot\share\interpreter\linkResolver.cpp, line 773]
Event: 3.471 Thread 0x000001396d3b7200 Exception <a 'java/lang/NoSuchMethodError'{0x00000000c5503120}: 'java.lang.Object java.lang.invoke.DirectMethodHandle$Holder.invokeStaticInit(java.lang.Object, java.lang.Object, java.lang.Object)'> (0x00000000c5503120) 
thrown [s\open\src\hotspot\share\interpreter\linkResolver.cpp, line 773]
Event: 3.909 Thread 0x000001396d3b7200 Exception <a 'java/lang/NoSuchMethodError'{0x00000000c5207c50}: 'int java.lang.invoke.DirectMethodHandle$Holder.invokeSpecialIFC(java.lang.Object, java.lang.Object, java.lang.Object)'> (0x00000000c5207c50) 
thrown [s\open\src\hotspot\share\interpreter\linkResolver.cpp, line 773]
Event: 4.175 Thread 0x000001396d3b7200 Exception <a 'java/lang/NoSuchMethodError'{0x00000000c5279588}: 'java.lang.Object java.lang.invoke.DirectMethodHandle$Holder.invokeStaticInit(java.lang.Object, int, int, int, int)'> (0x00000000c5279588) 
thrown [s\open\src\hotspot\share\interpreter\linkResolver.cpp, line 773]
Event: 4.301 Thread 0x000001396d3b7200 Exception <a 'java/lang/NoSuchMethodError'{0x00000000c529ec58}: 'java.lang.Object java.lang.invoke.DirectMethodHandle$Holder.invokeStaticInit(java.lang.Object, java.lang.Object, int, int, int, int)'> (0x00000000c529ec58) 
thrown [s\open\src\hotspot\share\interpreter\linkResolver.cpp, line 773]
Event: 4.412 Thread 0x000001396d3b7200 Exception <a 'java/lang/ClassNotFoundException'{0x00000000c52bb870}: javax/management/remote/rmi/RMIServerImpl_Skel> (0x00000000c52bb870) 
thrown [s\open\src\hotspot\share\classfile\systemDictionary.cpp, line 312]
Event: 4.459 Thread 0x000001396d3b7200 Exception <a 'java/lang/NoSuchMethodError'{0x00000000c52d8720}: 'long java.lang.invoke.DirectMethodHandle$Holder.invokeSpecial(java.lang.Object, java.lang.Object)'> (0x00000000c52d8720) 
thrown [s\open\src\hotspot\share\interpreter\linkResolver.cpp, line 773]
Event: 4.459 Thread 0x000001396d3b7200 Exception <a 'java/lang/NoSuchMethodError'{0x00000000c52dbde8}: 'long java.lang.invoke.Invokers$Holder.invokeExact_MT(java.lang.Object, java.lang.Object)'> (0x00000000c52dbde8) 
thrown [s\open\src\hotspot\share\interpreter\linkResolver.cpp, line 773]
Event: 4.484 Thread 0x000001396d3b7200 Exception <a 'java/lang/NoSuchMethodError'{0x00000000c5108f38}: 'void java.lang.invoke.DirectMethodHandle$Holder.invokeSpecial(java.lang.Object, java.lang.Object, java.lang.Object)'> (0x00000000c5108f38) 
thrown [s\open\src\hotspot\share\interpreter\linkResolver.cpp, line 773]
Event: 4.789 Thread 0x000001396d3b7200 Exception <a 'java/lang/ClassNotFoundException'{0x00000000c50d34e0}: javax/smartcardio/CardPermission> (0x00000000c50d34e0) 
thrown [s\open\src\hotspot\share\classfile\systemDictionary.cpp, line 312]
Event: 4.802 Thread 0x000001396d3b7200 Exception <a 'java/io/FileNotFoundException'{0x00000000c50e1920}> (0x00000000c50e1920) 
thrown [s\open\src\hotspot\share\prims\jni.cpp, line 520]
Event: 4.890 Thread 0x000001396d3b7200 Exception <a 'java/lang/NoSuchMethodError'{0x00000000c4f54e78}: 'java.lang.Object java.lang.invoke.DirectMethodHandle$Holder.invokeSpecial(java.lang.Object, java.lang.Object, java.lang.Object, long, java.lang.Object)'> (0x00000000c4f54e78) 
thrown [s\open\src\hotspot\share\interpreter\linkResolver.cpp, line 773]
Event: 4.892 Thread 0x000001396d3b7200 Exception <a 'java/lang/NoSuchMethodError'{0x00000000c4f587c8}: 'java.lang.Object java.lang.invoke.Invokers$Holder.linkToTargetMethod(java.lang.Object, long, java.lang.Object, java.lang.Object)'> (0x00000000c4f587c8) 
thrown [s\open\src\hotspot\share\interpreter\linkResolver.cpp, line 773]
Event: 5.164 Thread 0x000001396d3b7200 Exception <a 'java/lang/NoSuchMethodError'{0x00000000c4d12be8}: 'void java.lang.invoke.DirectMethodHandle$Holder.invokeStatic(java.lang.Object, java.lang.Object, java.lang.Object, java.lang.Object)'> (0x00000000c4d12be8) 
thrown [s\open\src\hotspot\share\interpreter\linkResolver.cpp, line 773]
Event: 5.283 Thread 0x000001396d3b7200 Exception <a 'java/lang/NoSuchMethodError'{0x00000000c4c064f0}: 'int java.lang.invoke.DirectMethodHandle$Holder.invokeStaticInit(java.lang.Object, java.lang.Object)'> (0x00000000c4c064f0) 
thrown [s\open\src\hotspot\share\interpreter\linkResolver.cpp, line 773]

ZGC Phase Switch (0 events):
No events

VM Operations (18 events):
Event: 2.086 Executing VM operation: HandshakeAllThreads (Deoptimize)
Event: 2.087 Executing VM operation: HandshakeAllThreads (Deoptimize) done
Event: 2.087 Executing VM operation: Cleanup
Event: 2.087 Executing VM operation: Cleanup done
Event: 3.097 Executing VM operation: Cleanup
Event: 3.113 Executing VM operation: Cleanup done
Event: 3.983 Executing VM operation: HandshakeAllThreads (Deoptimize)
Event: 3.983 Executing VM operation: HandshakeAllThreads (Deoptimize) done
Event: 4.406 Executing VM operation: HandshakeAllThreads (Deoptimize)
Event: 4.406 Executing VM operation: HandshakeAllThreads (Deoptimize) done
Event: 4.406 Executing VM operation: Cleanup
Event: 4.406 Executing VM operation: Cleanup done
Event: 4.410 Executing VM operation: HandshakeAllThreads (Deoptimize)
Event: 4.410 Executing VM operation: HandshakeAllThreads (Deoptimize) done
Event: 4.656 Executing VM operation: HandshakeAllThreads (Deoptimize)
Event: 4.656 Executing VM operation: HandshakeAllThreads (Deoptimize) done
Event: 4.674 Executing VM operation: HandshakeAllThreads (Deoptimize)
Event: 4.674 Executing VM operation: HandshakeAllThreads (Deoptimize) done

Events (12 events):
Event: 0.828 Thread 0x000001396d3b7200 Thread added: 0x000001396d3b7200
Event: 1.128 Thread 0x000001397e78cee0 Thread added: 0x000001397e78cee0
Event: 1.128 Thread 0x000001397e78de00 Thread added: 0x000001397e78de00
Event: 1.130 Thread 0x000001397e792d40 Thread added: 0x000001397e792d40
Event: 1.130 Thread 0x000001397e796d20 Thread added: 0x000001397e796d20
Event: 1.130 Thread 0x000001397e798790 Thread added: 0x000001397e798790
Event: 1.130 Thread 0x000001397e7991f0 Thread added: 0x000001397e7991f0
Event: 1.131 Thread 0x000001397e799c50 Thread added: 0x000001397e799c50
Event: 2.003 Thread 0x000001397e837340 Thread added: 0x000001397e837340
Event: 2.604 Thread 0x000001397ec1f2b0 Thread added: 0x000001397ec1f2b0
Event: 2.606 Thread 0x000001397ec21150 Thread added: 0x000001397ec21150
Event: 4.443 Thread 0x000001397f0a5020 Thread added: 0x000001397f0a5020


Dynamic libraries:
0x00007ff7ed820000 - 0x00007ff7ed830000 	D:\develope\java\jdk-21.0.2\bin\java.exe
0x00007fff48b90000 - 0x00007fff48da7000 	C:\WINDOWS\SYSTEM32\ntdll.dll
0x00007fff46cd0000 - 0x00007fff46d94000 	C:\WINDOWS\System32\KERNEL32.DLL
0x00007fff45f30000 - 0x00007fff46302000 	C:\WINDOWS\System32\KERNELBASE.dll
0x00007fff46700000 - 0x00007fff46811000 	C:\WINDOWS\System32\ucrtbase.dll
0x00007fff29880000 - 0x00007fff2989b000 	D:\develope\java\jdk-21.0.2\bin\VCRUNTIME140.dll
0x00007fff29b80000 - 0x00007fff29b99000 	D:\develope\java\jdk-21.0.2\bin\jli.dll
0x00007fff47f70000 - 0x00007fff48021000 	C:\WINDOWS\System32\ADVAPI32.dll
0x00007fff47300000 - 0x00007fff473a7000 	C:\WINDOWS\System32\msvcrt.dll
0x00007fff46bf0000 - 0x00007fff46c98000 	C:\WINDOWS\System32\sechost.dll
0x00007fff45c80000 - 0x00007fff45ca8000 	C:\WINDOWS\System32\bcrypt.dll
0x00007fff47c40000 - 0x00007fff47d54000 	C:\WINDOWS\System32\RPCRT4.dll
0x00007fff46900000 - 0x00007fff46ab1000 	C:\WINDOWS\System32\USER32.dll
0x00007fff46310000 - 0x00007fff46336000 	C:\WINDOWS\System32\win32u.dll
0x00007fff46e30000 - 0x00007fff46e59000 	C:\WINDOWS\System32\GDI32.dll
0x00007fff465d0000 - 0x00007fff466f3000 	C:\WINDOWS\System32\gdi32full.dll
0x00007fff46340000 - 0x00007fff463da000 	C:\WINDOWS\System32\msvcp_win.dll
0x00007fff29e40000 - 0x00007fff2a0db000 	C:\WINDOWS\WinSxS\amd64_microsoft.windows.common-controls_6595b64144ccf1df_6.0.22621.5547_none_27104afb73855772\COMCTL32.dll
0x00007fff3e2b0000 - 0x00007fff3e2ba000 	C:\WINDOWS\SYSTEM32\VERSION.dll
0x00007fff47f30000 - 0x00007fff47f61000 	C:\WINDOWS\System32\IMM32.DLL
0x00007fff2d550000 - 0x00007fff2d55c000 	D:\develope\java\jdk-21.0.2\bin\vcruntime140_1.dll
0x00007fff117b0000 - 0x00007fff1183e000 	D:\develope\java\jdk-21.0.2\bin\msvcp140.dll
0x00007ffea8640000 - 0x00007ffea9357000 	D:\develope\java\jdk-21.0.2\bin\server\jvm.dll
0x00007fff46db0000 - 0x00007fff46e21000 	C:\WINDOWS\System32\WS2_32.dll
0x00007fff44b00000 - 0x00007fff44b4d000 	C:\WINDOWS\SYSTEM32\POWRPROF.dll
0x00007fff31260000 - 0x00007fff31294000 	C:\WINDOWS\SYSTEM32\WINMM.dll
0x00007fff44ae0000 - 0x00007fff44af3000 	C:\WINDOWS\SYSTEM32\UMPDC.dll
0x00007fff44da0000 - 0x00007fff44db8000 	C:\WINDOWS\SYSTEM32\kernel.appcore.dll
0x00007fff29be0000 - 0x00007fff29bea000 	D:\develope\java\jdk-21.0.2\bin\jimage.dll
0x00007fff37270000 - 0x00007fff374a3000 	C:\WINDOWS\SYSTEM32\DBGHELP.DLL
0x00007fff46e60000 - 0x00007fff471f3000 	C:\WINDOWS\System32\combase.dll
0x00007fff46820000 - 0x00007fff468f7000 	C:\WINDOWS\System32\OLEAUT32.dll
0x00007fff37130000 - 0x00007fff37162000 	C:\WINDOWS\SYSTEM32\dbgcore.DLL
0x00007fff463e0000 - 0x00007fff4645b000 	C:\WINDOWS\System32\bcryptPrimitives.dll
0x00007fff13f80000 - 0x00007fff13f8f000 	D:\develope\java\jdk-21.0.2\bin\instrument.dll
0x00007fff27460000 - 0x00007fff2747f000 	D:\develope\java\jdk-21.0.2\bin\java.dll
0x00007fff480a0000 - 0x00007fff48942000 	C:\WINDOWS\System32\SHELL32.dll
0x00007fff45df0000 - 0x00007fff45f2f000 	C:\WINDOWS\System32\wintypes.dll
0x00007fff43bc0000 - 0x00007fff444dd000 	C:\WINDOWS\SYSTEM32\windows.storage.dll
0x00007fff489e0000 - 0x00007fff48aec000 	C:\WINDOWS\System32\SHCORE.dll
0x00007fff47290000 - 0x00007fff472f9000 	C:\WINDOWS\System32\shlwapi.dll
0x00007fff45bb0000 - 0x00007fff45bdb000 	C:\WINDOWS\SYSTEM32\profapi.dll
0x00007fff1a790000 - 0x00007fff1a7a8000 	D:\develope\java\jdk-21.0.2\bin\zip.dll
0x00007fff26660000 - 0x00007fff26670000 	D:\develope\java\jdk-21.0.2\bin\net.dll
0x00007fff3f1a0000 - 0x00007fff3f2cc000 	C:\WINDOWS\SYSTEM32\WINHTTP.dll
0x00007fff45220000 - 0x00007fff45289000 	C:\WINDOWS\system32\mswsock.dll
0x00007fff20bb0000 - 0x00007fff20bc6000 	D:\develope\java\jdk-21.0.2\bin\nio.dll
0x00007fff121a0000 - 0x00007fff121ba000 	D:\develope\IntelliJ IDEA 2023.3.4\bin\breakgen64.dll
0x00007fff44820000 - 0x00007fff44918000 	C:\WINDOWS\SYSTEM32\DNSAPI.dll
0x00007fff447b0000 - 0x00007fff447dd000 	C:\WINDOWS\SYSTEM32\IPHLPAPI.DLL
0x00007fff47550000 - 0x00007fff47559000 	C:\WINDOWS\System32\NSI.dll
0x00007fff3b420000 - 0x00007fff3b42a000 	C:\Windows\System32\rasadhlp.dll
0x00007fff3e7f0000 - 0x00007fff3e874000 	C:\WINDOWS\System32\fwpuclnt.dll
0x00007fff26210000 - 0x00007fff26219000 	D:\develope\java\jdk-21.0.2\bin\extnet.dll
0x00007fff13cf0000 - 0x00007fff13cfa000 	D:\develope\java\jdk-21.0.2\bin\management.dll
0x00007fff13ce0000 - 0x00007fff13ceb000 	D:\develope\java\jdk-21.0.2\bin\management_ext.dll
0x00007fff46ca0000 - 0x00007fff46ca8000 	C:\WINDOWS\System32\PSAPI.DLL
0x00007fff45470000 - 0x00007fff4548b000 	C:\WINDOWS\SYSTEM32\CRYPTSP.dll
0x00007fff44d00000 - 0x00007fff44d37000 	C:\WINDOWS\system32\rsaenh.dll
0x00007fff45310000 - 0x00007fff45338000 	C:\WINDOWS\SYSTEM32\USERENV.dll
0x00007fff45490000 - 0x00007fff4549c000 	C:\WINDOWS\SYSTEM32\CRYPTBASE.dll
0x00007fff287c0000 - 0x00007fff287d7000 	C:\WINDOWS\system32\napinsp.dll
0x00007fff287a0000 - 0x00007fff287bb000 	C:\WINDOWS\system32\pnrpnsp.dll
0x00007fff28780000 - 0x00007fff28791000 	C:\WINDOWS\System32\winrnr.dll
0x00007fff3eb30000 - 0x00007fff3eb4f000 	C:\WINDOWS\system32\wshbth.dll
0x00007fff28750000 - 0x00007fff28771000 	C:\WINDOWS\system32\nlansp_c.dll

dbghelp: loaded successfully - version: 4.0.5 - missing functions: none
symbol engine: initialized successfully - sym options: 0x614 - pdb path: .;D:\develope\java\jdk-21.0.2\bin;C:\WINDOWS\SYSTEM32;C:\WINDOWS\WinSxS\amd64_microsoft.windows.common-controls_6595b64144ccf1df_6.0.22621.5547_none_27104afb73855772;D:\develope\java\jdk-21.0.2\bin\server;D:\develope\IntelliJ IDEA 2023.3.4\bin

VM Arguments:
jvm_args: -XX:TieredStopAtLevel=1 -Dspring.output.ansi.enabled=always -Dcom.sun.management.jmxremote -Dspring.jmx.enabled=true -Dspring.liveBeansView.mbeanDomain -Dspring.application.admin.enabled=true -Dmanagement.endpoints.jmx.exposure.include=* -javaagent:D:\develope\IntelliJ IDEA 2023.3.4\lib\idea_rt.jar=57911:D:\develope\IntelliJ IDEA 2023.3.4\bin -Dfile.encoding=UTF-8 -Dsun.stdout.encoding=UTF-8 -Dsun.stderr.encoding=UTF-8 
java_command: com.example.SpringbootApplication
java_class_path (initial): D:\CardRent\CardRent\springboot\target\classes;D:\maven\repository\org\springframework\boot\spring-boot-starter-web\3.3.1\spring-boot-starter-web-3.3.1.jar;D:\maven\repository\org\springframework\boot\spring-boot-starter\3.3.1\spring-boot-starter-3.3.1.jar;D:\maven\repository\org\springframework\boot\spring-boot\3.3.1\spring-boot-3.3.1.jar;D:\maven\repository\org\springframework\boot\spring-boot-autoconfigure\3.3.1\spring-boot-autoconfigure-3.3.1.jar;D:\maven\repository\org\springframework\boot\spring-boot-starter-logging\3.3.1\spring-boot-starter-logging-3.3.1.jar;D:\maven\repository\ch\qos\logback\logback-classic\1.5.6\logback-classic-1.5.6.jar;D:\maven\repository\ch\qos\logback\logback-core\1.5.6\logback-core-1.5.6.jar;D:\maven\repository\org\apache\logging\log4j\log4j-to-slf4j\2.23.1\log4j-to-slf4j-2.23.1.jar;D:\maven\repository\org\apache\logging\log4j\log4j-api\2.23.1\log4j-api-2.23.1.jar;D:\maven\repository\org\slf4j\jul-to-slf4j\2.0.13\jul-to-slf4j-2.0.13.jar;D:\maven\repository\jakarta\annotation\jakarta.annotation-api\2.1.1\jakarta.annotation-api-2.1.1.jar;D:\maven\repository\org\springframework\spring-core\6.1.10\spring-core-6.1.10.jar;D:\maven\repository\org\springframework\spring-jcl\6.1.10\spring-jcl-6.1.10.jar;D:\maven\repository\org\yaml\snakeyaml\2.2\snakeyaml-2.2.jar;D:\maven\repository\org\springframework\boot\spring-boot-starter-json\3.3.1\spring-boot-starter-json-3.3.1.jar;D:\maven\repository\com\fasterxml\jackson\core\jackson-databind\2.17.1\jackson-databind-2.17.1.jar;D:\maven\repository\com\fasterxml\jackson\core\jackson-annotations\2.17.1\jackson-annotations-2.17.1.jar;D:\maven\repository\com\fasterxml\jackson\core\jackson-core\2.17.1\jackson-core-2.17.1.jar;D:\maven\repository\com\fasterxml\jackson\datatype\jackson-datatype-jdk8\2.17.1\jackson-datatype-jdk8-2.17.1.jar;D:\maven\repository\com\fasterxml\jackson\datatype\jackson-datatype-jsr310\2.17.1\jackson-datatype-jsr310-2.17.1.jar;D:\maven\repository\com\fasterxml\jackson\module\jackson-module-parameter-names\2.17.1\jackson-module-parameter-names-2.17.1.jar;D:\maven\repository\org\springframework\boot\spring-boot-starter-tomcat\3.3.1\spring-boot-starter-tomcat-3.3.1.jar;D:\maven\repository\org\apache\tomcat\embed\tomcat-embed-core\10.1.25\tomcat-embed-core-10.1.25.jar;D:\maven\repository\org\apache\tomcat\embed\tomcat-embed-el\10.1.25\tomcat-embed-el-10.1.25.jar;D:\maven\repository\org\apache\tomcat\embed\tomcat-embed-websocket\10.1.25\tomcat-embed-websocket-10.1.25.jar;D:\maven\repository\org\springframework\spring-web\6.1.10\spring-web-6.1.10.jar;D:\maven\repository\org\springframework\spring-beans\6.1.10\spring-beans-6.1.10.jar;D:\maven\repository\io\micrometer\micrometer-observation\1.13.1\micrometer-observation-1.13.1.jar;D:\maven\repository\io\micrometer\micrometer-commons\1.13.1\micrometer-commons-1.13.1.jar;D:\maven\repository\org\springframework\spring-webmvc\6.1.10\spring-webmvc-6.1.10.jar;D:\maven\repository\org\springframework\spring-aop\6.1.10\spring-aop-6.1.10.jar;D:\maven\repository\org\springframework\spring-context\6.1.10\spring-context-6.1.10.jar;D:\maven\repository\org\springframework\spring-expression\6.1.10\spring-expression-6.1.10.jar;D:\maven\repository\org\mybatis\spring\boot\mybatis-spring-boot-starter\3.0.3\mybatis-spring-boot-starter-3.0.3.jar;D:\maven\repository\org\springframework\boot\spring-boot-starter-jdbc\3.3.1\spring-boot-starter-jdbc-3.3.1.jar;D:\maven\repository\com\zaxxer\HikariCP\5.1.0\HikariCP-5.1.0.jar;D:\maven\repository\org\slf4j\slf4j-api\2.0.13\slf4j-api-2.0.13.jar;D:\maven\repository\org\springframework\spring-jdbc\6.1.10\spring-jdbc-6.1.10.jar;D:\maven\repository\org\springframework\spring-tx\6.1.10\spring-tx-6.1.10.jar;D:\maven\repository\org\mybatis\spring\boot\mybatis-spring-boot-autoconfigure\3.0.3\mybatis-spring-boot-autoconfigure-3.0.3.jar;D:\maven\repository\org\mybatis\mybatis\3.5.14\mybatis-3.5.14.jar;D:\maven\repository\org\mybatis\mybatis-spring\3.0.3\mybatis-spring-3.0.3.jar;D:\maven\repository\com\mysql\mysql-connector-j\8.3.0\mysql-connector-j-8.3.0.jar;D:\maven\repository\cn\hutool\hutool-all\5.8.25\hutool-all-5.8.25.jar;D:\maven\repository\com\github\pagehelper\pagehelper-spring-boot-starter\1.4.6\pagehelper-spring-boot-starter-1.4.6.jar;D:\maven\repository\com\github\pagehelper\pagehelper-spring-boot-autoconfigure\1.4.6\pagehelper-spring-boot-autoconfigure-1.4.6.jar;D:\maven\repository\com\github\pagehelper\pagehelper\5.3.2\pagehelper-5.3.2.jar;D:\maven\repository\com\github\jsqlparser\jsqlparser\4.5\jsqlparser-4.5.jar
Launcher Type: SUN_STANDARD

[Global flags]
     intx CICompilerCount                          = 4                                         {product} {ergonomic}
     uint ConcGCThreads                            = 2                                         {product} {ergonomic}
     uint G1ConcRefinementThreads                  = 8                                         {product} {ergonomic}
   size_t G1HeapRegionSize                         = 1048576                                   {product} {ergonomic}
    uintx GCDrainStackTargetSize                   = 64                                        {product} {ergonomic}
   size_t InitialHeapSize                          = 65011712                                  {product} {ergonomic}
     bool ManagementServer                         = true                                      {product} {command line}
   size_t MarkStackSize                            = 4194304                                   {product} {ergonomic}
   size_t MaxHeapSize                              = 1040187392                                {product} {ergonomic}
   size_t MaxNewSize                               = 623902720                                 {product} {ergonomic}
   size_t MinHeapDeltaBytes                        = 1048576                                   {product} {ergonomic}
   size_t MinHeapSize                              = 8388608                                   {product} {ergonomic}
    uintx NonNMethodCodeHeapSize                   = 4096                                   {pd product} {ergonomic}
    uintx NonProfiledCodeHeapSize                  = 0                                      {pd product} {ergonomic}
     bool ProfileInterpreter                       = false                                  {pd product} {command line}
    uintx ProfiledCodeHeapSize                     = 0                                      {pd product} {ergonomic}
   size_t SoftMaxHeapSize                          = 1040187392                             {manageable} {ergonomic}
     intx TieredStopAtLevel                        = 1                                         {product} {command line}
     bool UseCompressedOops                        = true                           {product lp64_product} {ergonomic}
     bool UseG1GC                                  = true                                      {product} {ergonomic}
     bool UseLargePagesIndividualAllocation        = false                                  {pd product} {ergonomic}

Logging:
Log output configuration:
 #0: stdout all=warning uptime,level,tags foldmultilines=false
 #1: stderr all=off uptime,level,tags foldmultilines=false

Environment Variables:
JAVA_HOME=D:\develope\java\jdk-21.0.2
PATH=e:\⻏璃\cursor\resources\app\bin;D:\develope\java\jdk-21.0.2\bin;D:\develope\java\jdk-21.0.2\jre;C:\Program Files\Common Files\Oracle\Java\javapath;C:\Program Files (x86)\Common Files\Intel\Shared Libraries\redist\intel64\compiler;C:\WINDOWS\system32;C:\WINDOWS;C:\WINDOWS\System32\Wbem;C:\WINDOWS\System32\WindowsPowerShell\v1.0\;C:\WINDOWS\System32\OpenSSH\;D:\develope\apache-tomcat-9.0.96\bin;D:\develope\apache-maven-3.9.9\bin;D:\develope\Node;D:\develope\mysql-8.0.22-winx64\bin;C:\Users\lenovo\AppData\Local\Microsoft\WindowsApps;C:\Users\lenovo\AppData\Roaming\npm;E:\develope\cursor\resources\app\bin;E:\⻏璃\cursor\resources\app\bin;e:\⻏璃\cursor\resources\app\bin;D:\develope\apache-tomcat-9.0.96\lib;E:\⻏璃\Microsoft VS Code\bin;C:\Users\lenovo\AppData\Local\Microsoft\WindowsApps;E:\develope\Microsoft VS Code\bin;C:\Users\lenovo\AppData\Roaming\npm;E:\develope\cursor\resources\app\bin;E:\⻏璃\cursor\resources\app\bin
USERNAME=lenovo
OS=Windows_NT
PROCESSOR_IDENTIFIER=Intel64 Family 6 Model 142 Stepping 10, GenuineIntel
TMP=C:\Users\lenovo\AppData\Local\Temp
TEMP=C:\Users\lenovo\AppData\Local\Temp




Periodic native trim disabled

---------------  S Y S T E M  ---------------

OS:
 Windows 11 , 64 bit Build 22621 (10.0.22621.5415)
OS uptime: 4 days 4:12 hours

CPU: total 8 (initial active 8) (4 cores per cpu, 2 threads per core) family 6 model 142 stepping 10 microcode 0xe0, cx8, cmov, fxsr, ht, mmx, 3dnowpref, sse, sse2, sse3, ssse3, sse4.1, sse4.2, popcnt, lzcnt, tsc, tscinvbit, avx, avx2, aes, erms, clmul, bmi1, bmi2, adx, fma, vzeroupper, clflush, clflushopt, rdtscp, f16c
Processor Information for all 8 processors :
  Max Mhz: 1801, Current Mhz: 1400, Mhz Limit: 1801

Memory: 4k page, system-wide physical 3962M (9M free)
TotalPageFile size 16250M (AvailPageFile size 40M)
current process WorkingSet (physical memory assigned to process): 70M, peak: 70M
current process commit charge ("private bytes"): 151M, peak: 151M

vm_info: Java HotSpot(TM) 64-Bit Server VM (21.0.2+13-LTS-58) for windows-amd64 JRE (21.0.2+13-LTS-58), built on 2024-01-05T18:32:24Z by "mach5one" with MS VC++ 17.1 (VS2022)

END.
