#
# There is insufficient memory for the Java Runtime Environment to continue.
# Native memory allocation (mmap) failed to map 65536 bytes for Failed to commit metaspace.
# Possible reasons:
#   The system is out of physical RAM or swap space
#   The process is running with CompressedOops enabled, and the Java Heap may be blocking the growth of the native heap
# Possible solutions:
#   Reduce memory load on the system
#   Increase physical memory or swap space
#   Check if swap backing store is full
#   Decrease Java heap size (-Xmx/-Xms)
#   Decrease number of Java threads
#   Decrease Java thread stack sizes (-Xss)
#   Set larger code cache with -XX:ReservedCodeCacheSize=
#   JVM is running with Unscaled Compressed Oops mode in which the Java heap is
#     placed in the first 4GB address space. The Java Heap base address is the
#     maximum limit for the native heap growth. Please use -XX:HeapBaseMinAddress
#     to set the Java Heap base and to place the Java Heap above 4GB virtual address.
# This output file may be truncated or incomplete.
#
#  Out of Memory Error (virtualSpaceNode.cpp:112), pid=9184, tid=15952
#
# JRE version: Java(TM) SE Runtime Environment (21.0.2+13) (build 21.0.2+13-LTS-58)
# Java VM: Java HotSpot(TM) 64-Bit Server VM (21.0.2+13-LTS-58, mixed mode, emulated-client, sharing, tiered, compressed oops, compressed class ptrs, g1 gc, windows-amd64)
# No core dump will be written. Minidumps are not enabled by default on client versions of Windows
#

---------------  S U M M A R Y ------------

Command Line: -XX:TieredStopAtLevel=1 -Dspring.output.ansi.enabled=always -Dcom.sun.management.jmxremote -Dspring.jmx.enabled=true -Dspring.liveBeansView.mbeanDomain -Dspring.application.admin.enabled=true -Dmanagement.endpoints.jmx.exposure.include=* -javaagent:D:\develope\IntelliJ IDEA 2023.3.4\lib\idea_rt.jar=53306:D:\develope\IntelliJ IDEA 2023.3.4\bin -Dfile.encoding=UTF-8 -Dsun.stdout.encoding=UTF-8 -Dsun.stderr.encoding=UTF-8 com.example.SpringbootApplication

Host: Intel(R) Core(TM) i5-8250U CPU @ 1.60GHz, 8 cores, 3G,  Windows 11 , 64 bit Build 22621 (10.0.22621.5415)
Time: Fri Mar 13 17:34:16 2026  Windows 11 , 64 bit Build 22621 (10.0.22621.5415) elapsed time: 25.033083 seconds (0d 0h 0m 25s)

---------------  T H R E A D  ---------------

Current thread (0x000002b3456b5e70):  JavaThread "main"             [_thread_in_vm, id=15952, stack(0x000000febe300000,0x000000febe400000) (1024K)]

Stack: [0x000000febe300000,0x000000febe400000]
Native frames: (J=compiled Java code, j=interpreted, Vv=VM code, C=native code)
V  [jvm.dll+0x6cade9]
V  [jvm.dll+0x8569c1]
V  [jvm.dll+0x858d2e]
V  [jvm.dll+0x859413]
V  [jvm.dll+0x280e56]
V  [jvm.dll+0x8526ee]
V  [jvm.dll+0x66e705]
V  [jvm.dll+0x1e68cc]
V  [jvm.dll+0x1e669e]
V  [jvm.dll+0x67104c]
V  [jvm.dll+0x670e62]
V  [jvm.dll+0x66f0de]
V  [jvm.dll+0x3be1bf]
V  [jvm.dll+0x20fbdb]
V  [jvm.dll+0x5ad406]
V  [jvm.dll+0x7cf74d]
V  [jvm.dll+0x4709da]
V  [jvm.dll+0x483de6]
C  [java.dll+0x1657]

Java frames: (J=compiled Java code, j=interpreted, Vv=VM code)
J 1878  java.lang.ClassLoader.defineClass0(Ljava/lang/ClassLoader;Ljava/lang/Class;Ljava/lang/String;[BIILjava/security/ProtectionDomain;ZILjava/lang/Object;)Ljava/lang/Class; java.base@21.0.2 (0 bytes) @ 0x000002b350172cbc [0x000002b350172bc0+0x00000000000000fc]
J 1877 c1 java.lang.System$2.defineClass(Ljava/lang/ClassLoader;Ljava/lang/Class;Ljava/lang/String;[BLjava/security/ProtectionDomain;ZILjava/lang/Object;)Ljava/lang/Class; java.base@21.0.2 (21 bytes) @ 0x000002b350174dbc [0x000002b350174d40+0x000000000000007c]
J 1876 c1 java.lang.invoke.MethodHandles$Lookup$ClassDefiner.defineClass(ZLjava/lang/Object;)Ljava/lang/Class; java.base@21.0.2 (213 bytes) @ 0x000002b35017430c [0x000002b350174120+0x00000000000001ec]
j  java.lang.invoke.InvokerBytecodeGenerator.loadMethod([B)Ljava/lang/invoke/MemberName;+22 java.base@21.0.2
J 2718 c1 java.lang.invoke.LambdaForm.compileToBytecode()V java.base@21.0.2 (164 bytes) @ 0x000002b3502cc93c [0x000002b3502cc7a0+0x000000000000019c]
J 431 c1 java.lang.invoke.LambdaForm.prepare()V java.base@21.0.2 (108 bytes) @ 0x000002b34ff3c11c [0x000002b34ff3c0a0+0x000000000000007c]
J 430 c1 java.lang.invoke.MethodHandle.<init>(Ljava/lang/invoke/MethodType;Ljava/lang/invoke/LambdaForm;)V java.base@21.0.2 (37 bytes) @ 0x000002b34ff3baac [0x000002b34ff3b9e0+0x00000000000000cc]
J 905 c1 java.lang.invoke.BoundMethodHandle.<init>(Ljava/lang/invoke/MethodType;Ljava/lang/invoke/LambdaForm;)V java.base@21.0.2 (32 bytes) @ 0x000002b34ffe861c [0x000002b34ffe85c0+0x000000000000005c]
j  java.lang.invoke.BoundMethodHandle$Species_LLL.<init>(Ljava/lang/invoke/MethodType;Ljava/lang/invoke/LambdaForm;Ljava/lang/Object;Ljava/lang/Object;Ljava/lang/Object;)V+3 java.base@21.0.2
j  java.lang.invoke.BoundMethodHandle$Species_LLL.make(Ljava/lang/invoke/MethodType;Ljava/lang/invoke/LambdaForm;Ljava/lang/Object;Ljava/lang/Object;Ljava/lang/Object;)Ljava/lang/invoke/BoundMethodHandle;+10 java.base@21.0.2
J 3627 c1 java.lang.invoke.DirectMethodHandle$Holder.invokeStatic(Ljava/lang/Object;Ljava/lang/Object;Ljava/lang/Object;Ljava/lang/Object;Ljava/lang/Object;Ljava/lang/Object;)Ljava/lang/Object; java.base@21.0.2 (22 bytes) @ 0x000002b35043132c [0x000002b3504312c0+0x000000000000006c]
j  java.lang.invoke.BoundMethodHandle$Species_LL.copyWithExtendL(Ljava/lang/invoke/MethodType;Ljava/lang/invoke/LambdaForm;Ljava/lang/Object;)Ljava/lang/invoke/BoundMethodHandle;+18 java.base@21.0.2
J 1866 c1 java.lang.invoke.MethodHandleImpl.makePairwiseConvertByEditor(Ljava/lang/invoke/MethodHandle;Ljava/lang/invoke/MethodType;ZZ)Ljava/lang/invoke/MethodHandle; java.base@21.0.2 (617 bytes) @ 0x000002b35016e60c [0x000002b35016da40+0x0000000000000bcc]
J 1455 c1 java.lang.invoke.MethodHandle.asTypeUncached(Ljava/lang/invoke/MethodType;)Ljava/lang/invoke/MethodHandle; java.base@21.0.2 (54 bytes) @ 0x000002b3500d341c [0x000002b3500d3260+0x00000000000001bc]
J 1429 c1 java.lang.invoke.MethodHandle.asType(Ljava/lang/invoke/MethodType;)Ljava/lang/invoke/MethodHandle; java.base@21.0.2 (32 bytes) @ 0x000002b3500c33c4 [0x000002b3500c3320+0x00000000000000a4]
j  jdk.internal.reflect.MethodHandleAccessorFactory.makeSpecializedTarget(Ljava/lang/invoke/MethodHandle;ZZ)Ljava/lang/invoke/MethodHandle;+93 java.base@21.0.2
j  jdk.internal.reflect.MethodHandleAccessorFactory.getDirectMethod(Ljava/lang/reflect/Method;Z)Ljava/lang/invoke/MethodHandle;+79 java.base@21.0.2
j  jdk.internal.reflect.MethodHandleAccessorFactory.newMethodAccessor(Ljava/lang/reflect/Method;Z)Ljdk/internal/reflect/MethodAccessorImpl;+41 java.base@21.0.2
j  jdk.internal.reflect.ReflectionFactory.newMethodAccessor(Ljava/lang/reflect/Method;Z)Ljdk/internal/reflect/MethodAccessor;+28 java.base@21.0.2
j  java.lang.reflect.Method.acquireMethodAccessor()Ljdk/internal/reflect/MethodAccessor;+38 java.base@21.0.2
j  java.lang.reflect.Method.invoke(Ljava/lang/Object;[Ljava/lang/Object;)Ljava/lang/Object;+75 java.base@21.0.2
j  org.springframework.beans.factory.support.SimpleInstantiationStrategy.instantiate(Lorg/springframework/beans/factory/support/RootBeanDefinition;Ljava/lang/String;Lorg/springframework/beans/factory/BeanFactory;Ljava/lang/Object;Ljava/lang/reflect/Method;[Ljava/lang/Object;)Ljava/lang/Object;+30
j  org.springframework.beans.factory.support.ConstructorResolver.instantiate(Ljava/lang/String;Lorg/springframework/beans/factory/support/RootBeanDefinition;Ljava/lang/Object;Ljava/lang/reflect/Method;[Ljava/lang/Object;)Ljava/lang/Object;+18
j  org.springframework.beans.factory.support.ConstructorResolver.instantiateUsingFactoryMethod(Ljava/lang/String;Lorg/springframework/beans/factory/support/RootBeanDefinition;[Ljava/lang/Object;)Lorg/springframework/beans/BeanWrapper;+1438
j  org.springframework.beans.factory.support.AbstractAutowireCapableBeanFactory.instantiateUsingFactoryMethod(Ljava/lang/String;Lorg/springframework/beans/factory/support/RootBeanDefinition;[Ljava/lang/Object;)Lorg/springframework/beans/BeanWrapper;+11
j  org.springframework.beans.factory.support.AbstractAutowireCapableBeanFactory.createBeanInstance(Ljava/lang/String;Lorg/springframework/beans/factory/support/RootBeanDefinition;[Ljava/lang/Object;)Lorg/springframework/beans/BeanWrapper;+93
j  org.springframework.beans.factory.support.AbstractAutowireCapableBeanFactory.doCreateBean(Ljava/lang/String;Lorg/springframework/beans/factory/support/RootBeanDefinition;[Ljava/lang/Object;)Ljava/lang/Object;+34
j  org.springframework.beans.factory.support.AbstractAutowireCapableBeanFactory.createBean(Ljava/lang/String;Lorg/springframework/beans/factory/support/RootBeanDefinition;[Ljava/lang/Object;)Ljava/lang/Object;+153
j  org.springframework.beans.factory.support.AbstractBeanFactory.lambda$doGetBean$0(Ljava/lang/String;Lorg/springframework/beans/factory/support/RootBeanDefinition;[Ljava/lang/Object;)Ljava/lang/Object;+4
j  org.springframework.beans.factory.support.AbstractBeanFactory$$Lambda+0x000002b3012467a8.getObject()Ljava/lang/Object;+16
j  org.springframework.beans.factory.support.DefaultSingletonBeanRegistry.getSingleton(Ljava/lang/String;Lorg/springframework/beans/factory/ObjectFactory;)Ljava/lang/Object;+114
J 2778 c1 org.springframework.beans.factory.support.AbstractBeanFactory.doGetBean(Ljava/lang/String;Ljava/lang/Class;[Ljava/lang/Object;Z)Ljava/lang/Object; (787 bytes) @ 0x000002b3502e3224 [0x000002b3502e2c00+0x0000000000000624]
j  org.springframework.beans.factory.support.AbstractBeanFactory.getBean(Ljava/lang/String;)Ljava/lang/Object;+5
j  org.springframework.beans.factory.support.DefaultListableBeanFactory.preInstantiateSingletons()V+152
j  org.springframework.context.support.AbstractApplicationContext.finishBeanFactoryInitialization(Lorg/springframework/beans/factory/config/ConfigurableListableBeanFactory;)V+135
j  org.springframework.context.support.AbstractApplicationContext.refresh()V+94
j  org.springframework.boot.web.servlet.context.ServletWebServerApplicationContext.refresh()V+1
j  org.springframework.boot.SpringApplication.refresh(Lorg/springframework/context/ConfigurableApplicationContext;)V+1
j  org.springframework.boot.SpringApplication.refreshContext(Lorg/springframework/context/ConfigurableApplicationContext;)V+16
j  org.springframework.boot.SpringApplication.run([Ljava/lang/String;)Lorg/springframework/context/ConfigurableApplicationContext;+110
j  org.springframework.boot.SpringApplication.run([Ljava/lang/Class;[Ljava/lang/String;)Lorg/springframework/context/ConfigurableApplicationContext;+9
j  org.springframework.boot.SpringApplication.run(Ljava/lang/Class;[Ljava/lang/String;)Lorg/springframework/context/ConfigurableApplicationContext;+9
j  com.example.SpringbootApplication.main([Ljava/lang/String;)V+3
v  ~StubRoutines::call_stub 0x000002b34fd8100d

Compiled method (n/a)   25496 1878     n 0       java.lang.ClassLoader::defineClass0 (native)
 total in heap  [0x000002b350172a10,0x000002b3501730a0] = 1680
 relocation     [0x000002b350172b70,0x000002b350172ba8] = 56
 main code      [0x000002b350172bc0,0x000002b35017309a] = 1242
 stub code      [0x000002b35017309a,0x000002b3501730a0] = 6

[Constant Pool (empty)]

[MachCode]
[Entry Point]
  # {method} {0x000002b30043c758} 'defineClass0' '(Ljava/lang/ClassLoader;Ljava/lang/Class;Ljava/lang/String;[BIILjava/security/ProtectionDomain;ZILjava/lang/Object;)Ljava/lang/Class;' in 'java/lang/ClassLoader'
  # parm0:    rdx:rdx   = 'java/lang/ClassLoader'
  # parm1:    r8:r8     = 'java/lang/Class'
  # parm2:    r9:r9     = 'java/lang/String'
  # parm3:    rdi:rdi   = '[B'
  # parm4:    rsi       = int
  # parm5:    rcx       = int
  # parm6:    [sp+0xb0]   = 'java/security/ProtectionDomain'  (sp of caller)
  # parm7:    [sp+0xb8]   = boolean
  # parm8:    [sp+0xc0]   = int
  # parm9:    [sp+0xc8]   = 'java/lang/Object'
  0x000002b350172bc0: 448b 5208 | 49bb 0000 | 0000 b302 | 0000 4d03 | d349 3bc2 | 0f84 0600 

  0x000002b350172bd8: ;   {runtime_call ic_miss_stub}
  0x000002b350172bd8: 0000 e9a1 | bbc5 ff90 
[Verified Entry Point]
  0x000002b350172be0: 8984 2400 | 80ff ff55 | 488b ec48 | 81ec a000 | 0000 6690 | 4181 7f20 | 0300 0000 

  0x000002b350172bfc: ;   {runtime_call StubRoutines (final stubs)}
  0x000002b350172bfc: 7405 e85d | 21c4 ff48 | 837d 2800 | 488d 4528 | 480f 4445 | 2848 8944 | 2458 4863 | 4520 4889 
  0x000002b350172c1c: 4424 5048 | 6345 1848 | 8944 2448 | 4883 7d10 | 0048 8d45 | 1048 0f44 | 4510 4889 | 4424 4048 
  0x000002b350172c3c: 894c 2438 | 4889 7424 | 3048 897c | 2478 4883 | ff00 488d | 4424 7848 | 0f44 4424 | 7848 8944 
  0x000002b350172c5c: 2428 4c89 | 4c24 7049 | 83f9 0048 | 8d44 2470 | 480f 4444 | 2470 4889 | 4424 204c | 8944 2468 
  0x000002b350172c7c: 4983 f800 | 4c8d 4c24 | 684c 0f44 | 4c24 6848 | 8954 2460 | 4883 fa00 | 4c8d 4424 | 604c 0f44 
  0x000002b350172c9c: ;   {oop(a 'java/lang/Class'{0x00000000c2364208} = 'java/lang/ClassLoader')}
  0x000002b350172c9c: 4424 6049 | be08 4236 | c200 0000 | 004c 89b4 | 2490 0000 | 004c 8db4 | 2490 0000 | 0049 8bd6 
  0x000002b350172cbc: ;   {internal_word}
  0x000002b350172cbc: c5f8 7749 | babc 2c17 | 50b3 0200 | 004d 8997 | a003 0000 | 4989 a798 

  0x000002b350172cd4: ;   {external_word}
  0x000002b350172cd4: 0300 0049 | baf9 4537 | bbfd 7f00 | 0041 803a | 000f 844e | 0000 0052 | 4150 4151 

  0x000002b350172cf0: ;   {metadata({method} {0x000002b30043c758} 'defineClass0' '(Ljava/lang/ClassLoader;Ljava/lang/Class;Ljava/lang/String;[BIILjava/security/ProtectionDomain;ZILjava/lang/Object;)Ljava/lang/Class;' in 'java/lang/ClassLoader')}
  0x000002b350172cf0: 48ba 50c7 | 4300 b302 | 0000 498b | cf48 83ec | 2040 f6c4 | 0f0f 8419 | 0000 0048 

  0x000002b350172d0c: ;   {runtime_call}
  0x000002b350172d0c: 83ec 0848 | b840 09e8 | bafd 7f00 | 00ff d048 | 83c4 08e9 | 0c00 0000 

  0x000002b350172d24: ;   {runtime_call}
  0x000002b350172d24: 48b8 4009 | e8ba fd7f | 0000 ffd0 | 4883 c420 | 4159 4158 | 5a49 8d8f | b803 0000 | 41c7 874c 
  0x000002b350172d44: 0400 0004 

  0x000002b350172d48: ;   {runtime_call}
  0x000002b350172d48: 0000 0048 | b81c 15ff | 22fe 7f00 | 00ff d0c5 | f877 41c7 | 874c 0400 | 0005 0000 | 00f0 8344 
  0x000002b350172d68: 24c0 0049 | 3baf 5004 | 0000 0f87 | 0e00 0000 | 4183 bf48 | 0400 0000 | 0f84 2b00 | 0000 c5f8 
  0x000002b350172d88: 7748 8945 | f849 8bcf | 4c8b e448 | 83ec 2048 

  0x000002b350172d98: ;   {runtime_call}
  0x000002b350172d98: 83e4 f048 | b8d0 c3b3 | bafd 7f00 | 00ff d049 | 8be4 4d33 | e448 8b45 | f841 c787 | 4c04 0000 
  0x000002b350172db8: 0800 0000 | 4183 bfc8 | 0400 0002 | 0f84 a302 

  0x000002b350172dc8: ;   {external_word}
  0x000002b350172dc8: 0000 49ba | f945 37bb | fd7f 0000 | 4180 3a00 | 0f84 4c00 | 0000 4889 

  0x000002b350172de0: ;   {metadata({method} {0x000002b30043c758} 'defineClass0' '(Ljava/lang/ClassLoader;Ljava/lang/Class;Ljava/lang/String;[BIILjava/security/ProtectionDomain;ZILjava/lang/Object;)Ljava/lang/Class;' in 'java/lang/ClassLoader')}
  0x000002b350172de0: 45f8 48ba | 50c7 4300 | b302 0000 | 498b cf48 | 83ec 2040 | f6c4 0f0f | 8419 0000 | 0048 83ec 
  0x000002b350172e00: ;   {runtime_call}
  0x000002b350172e00: 0848 b840 | 09e8 bafd | 7f00 00ff | d048 83c4 | 08e9 0c00 

  0x000002b350172e14: ;   {runtime_call}
  0x000002b350172e14: 0000 48b8 | 4009 e8ba | fd7f 0000 | ffd0 4883 | c420 488b | 45f8 49c7 | 8798 0300 | 0000 0000 
  0x000002b350172e34: 0049 c787 | a003 0000 | 0000 0000 | c5f8 7748 | 85c0 0f84 | fe01 0000 | a803 0f85 | 0800 0000 
  0x000002b350172e54: 488b 00e9 | ee01 0000 | a801 0f85 | 0900 0000 | 488b 40fe | e9dd 0100 | 0048 8b40 | ff41 807f 
  0x000002b350172e74: 4000 0f84 | ce01 0000 | 4883 f800 | 0f84 c401 | 0000 498b | 4f28 4883 | f900 0f84 | 1400 0000 
  0x000002b350172e94: 4883 e908 | 4989 4f28 | 4903 4f38 | 4889 01e9 | a201 0000 | 4881 ecd0 | 0000 0048 | 8904 2448 
  0x000002b350172eb4: 894c 2408 | 4889 5424 | 1048 8974 | 2418 4889 | 7c24 204c | 8944 2428 | 4c89 4c24 | 304c 8954 
  0x000002b350172ed4: 2438 4c89 | 5c24 40c5 | fb11 4424 | 50c5 fb11 | 4c24 58c5 | fb11 5424 | 60c5 fb11 | 5c24 68c5 
  0x000002b350172ef4: fb11 6424 | 70c5 fb11 | 6c24 78c5 | fb11 b424 | 8000 0000 | c5fb 11bc | 2488 0000 | 00c5 7b11 
  0x000002b350172f14: ;   {no_reloc}
  0x000002b350172f14: 8424 9000 | 0000 c57b | 118c 2498 | 0000 00c5 | 7b11 9424 | a000 0000 | c57b 119c | 24a8 0000 
  0x000002b350172f34: 00c5 7b11 | a424 b000 | 0000 c57b | 11ac 24b8 | 0000 00c5 | 7b11 b424 | c000 0000 | c57b 11bc 
  0x000002b350172f54: 24c8 0000 | 0049 8bd7 | 488b c848 | 83ec 2040 | f6c4 0f0f | 8419 0000 | 0048 83ec 

  0x000002b350172f70: ;   {runtime_call}
  0x000002b350172f70: 0848 b890 | 26a7 bafd | 7f00 00ff | d048 83c4 | 08e9 0c00 

  0x000002b350172f84: ;   {runtime_call}
  0x000002b350172f84: 0000 48b8 | 9026 a7ba | fd7f 0000 | ffd0 4883 | c420 c57b | 10bc 24c8 | 0000 00c5 | 7b10 b424 
  0x000002b350172fa4: c000 0000 | c57b 10ac | 24b8 0000 | 00c5 7b10 | a424 b000 | 0000 c57b | 109c 24a8 | 0000 00c5 
  0x000002b350172fc4: 7b10 9424 | a000 0000 | c57b 108c | 2498 0000 | 00c5 7b10 | 8424 9000 | 0000 c5fb | 10bc 2488 
  0x000002b350172fe4: 0000 00c5 | fb10 b424 | 8000 0000 | c5fb 106c | 2478 c5fb | 1064 2470 | c5fb 105c | 2468 c5fb 
  0x000002b350173004: 1054 2460 | c5fb 104c | 2458 c5fb | 1044 2450 | 4c8b 5c24 | 404c 8b54 | 2438 4c8b | 4c24 304c 
  0x000002b350173024: 8b44 2428 | 488b 7c24 | 2048 8b74 | 2418 488b | 5424 1048 | 8b4c 2408 | 488b 0424 | 4881 c4d0 
  0x000002b350173044: 0000 00c5 | f877 498b | 8f28 0400 | 00c7 8100 | 0100 0000 | 0000 00c9 | 4983 7f08 | 000f 8501 
  0x000002b350173064: 0000 00c3 

  0x000002b350173068: ;   {runtime_call StubRoutines (initial stubs)}
  0x000002b350173068: e993 dec0 | ffc5 f877 | 4889 45f8 | 4c8b e448 | 83ec 2048 

  0x000002b35017307c: ;   {runtime_call}
  0x000002b35017307c: 83e4 f048 | b870 41e8 | bafd 7f00 | 00ff d049 | 8be4 4d33 | e448 8b45 | f8e9 30fd | ffff f4f4 
  0x000002b35017309c: f4f4 f4f4 
[/MachCode]


Compiled method (c1)   25646 1877       1       java.lang.System$2::defineClass (21 bytes)
 total in heap  [0x000002b350174b90,0x000002b350174ee0] = 848
 relocation     [0x000002b350174cf0,0x000002b350174d28] = 56
 main code      [0x000002b350174d40,0x000002b350174e20] = 224
 stub code      [0x000002b350174e20,0x000002b350174e60] = 64
 metadata       [0x000002b350174e60,0x000002b350174e68] = 8
 scopes data    [0x000002b350174e68,0x000002b350174e88] = 32
 scopes pcs     [0x000002b350174e88,0x000002b350174ec8] = 64
 dependencies   [0x000002b350174ec8,0x000002b350174ed0] = 8
 nul chk table  [0x000002b350174ed0,0x000002b350174ee0] = 16

[Constant Pool (empty)]

[MachCode]
[Entry Point]
  # {method} {0x000002b300019490} 'defineClass' '(Ljava/lang/ClassLoader;Ljava/lang/Class;Ljava/lang/String;[BLjava/security/ProtectionDomain;ZILjava/lang/Object;)Ljava/lang/Class;' in 'java/lang/System$2'
  # this:     rdx:rdx   = 'java/lang/System$2'
  # parm0:    r8:r8     = 'java/lang/ClassLoader'
  # parm1:    r9:r9     = 'java/lang/Class'
  # parm2:    rdi:rdi   = 'java/lang/String'
  # parm3:    rsi:rsi   = '[B'
  # parm4:    rcx:rcx   = 'java/security/ProtectionDomain'
  # parm5:    [sp+0x70]   = boolean  (sp of caller)
  # parm6:    [sp+0x78]   = int
  # parm7:    [sp+0x80]   = 'java/lang/Object'
  0x000002b350174d40: 448b 5208 | 49bb 0000 | 0000 b302 | 0000 4d03 | d34c 3bd0 

  0x000002b350174d54: ;   {runtime_call ic_miss_stub}
  0x000002b350174d54: 0f85 269a | c5ff 660f | 1f44 0000 
[Verified Entry Point]
  0x000002b350174d60: 8984 2400 | 80ff ff55 | 4883 ec60 | 4181 7f20 | 0300 0000 

  0x000002b350174d74: ;   {runtime_call StubRoutines (final stubs)}
  0x000002b350174d74: 7405 e8e5 | ffc3 ff48 | 8bd9 4c8b | ac24 8000 | 0000 448b | 5c24 788b | 4424 708b | 4e0c 498b 
  0x000002b350174d94: d04d 8bc1 | 4c8b cf48 | 8bfe be00 | 0000 0048 | 891c 2489 | 4424 0844 | 895c 2410 | 4c89 6c24 
  0x000002b350174db4: ;   {static_call}
  0x000002b350174db4: 1866 90e8 

  0x000002b350174db8: ; ImmutableOopMap {}
                      ;*invokestatic defineClass0 {reexecute=0 rethrow=0 return_oop=0}
                      ; - java.lang.System$2::defineClass@17 (line 2394)
  0x000002b350174db8: 24de ffff 

  0x000002b350174dbc: ;   {other}
  0x000002b350174dbc: 0f1f 8400 | 2c02 0000 | 4883 c460 

  0x000002b350174dc8: ;   {poll_return}
  0x000002b350174dc8: 5d49 3ba7 | 5004 0000 | 0f87 0600 

  0x000002b350174dd4: ;   {runtime_call throw_null_pointer_exception Runtime1 stub}
  0x000002b350174dd4: 0000 c3e8 

  0x000002b350174dd8: ; ImmutableOopMap {r8=Oop r9=Oop rdi=Oop rsi=Oop rbx=Oop r13=Oop [128]=Oop }
                      ;*arraylength {reexecute=0 rethrow=0 return_oop=0}
                      ; - java.lang.System$2::defineClass@8 (line 2394)
  0x000002b350174dd8: a4d4 d0ff 

  0x000002b350174ddc: ;   {internal_word}
  0x000002b350174ddc: 49ba c94d | 1750 b302 | 0000 4d89 | 9768 0400 

  0x000002b350174dec: ;   {runtime_call SafepointBlob}
  0x000002b350174dec: 00e9 0e09 | c6ff 498b | 8700 0500 | 0049 c787 | 0005 0000 | 0000 0000 | 49c7 8708 | 0500 0000 
  0x000002b350174e0c: 0000 0048 | 83c4 605d 

  0x000002b350174e14: ;   {runtime_call unwind_exception Runtime1 stub}
  0x000002b350174e14: e967 c5d0 | fff4 f4f4 | f4f4 f4f4 
[Stub Code]
  0x000002b350174e20: ;   {no_reloc}
  0x000002b350174e20: 48bb 0000 | 0000 0000 

  0x000002b350174e28: ;   {runtime_call}
  0x000002b350174e28: 0000 e9fb 

  0x000002b350174e2c: ;   {runtime_call handle_exception_from_callee Runtime1 stub}
  0x000002b350174e2c: ffff ffe8 | 4cf2 d0ff 

  0x000002b350174e34: ;   {external_word}
  0x000002b350174e34: 48b9 0048 | 0fbb fd7f | 0000 4883 

  0x000002b350174e40: ;   {runtime_call}
  0x000002b350174e40: e4f0 48b8 | 4024 d7ba | fd7f 0000 

  0x000002b350174e4c: ;   {section_word}
  0x000002b350174e4c: ffd0 f449 | ba4f 4e17 | 50b3 0200 

  0x000002b350174e58: ;   {runtime_call DeoptimizationBlob}
  0x000002b350174e58: 0041 52e9 | 40fb c5ff 
[/MachCode]


Compiled method (c1)   25693 1876   !   1       java.lang.invoke.MethodHandles$Lookup$ClassDefiner::defineClass (213 bytes)
 total in heap  [0x000002b350173f10,0x000002b350174840] = 2352
 relocation     [0x000002b350174070,0x000002b350174108] = 152
 main code      [0x000002b350174120,0x000002b3501744e8] = 968
 stub code      [0x000002b3501744e8,0x000002b350174560] = 120
 metadata       [0x000002b350174560,0x000002b3501745a8] = 72
 scopes data    [0x000002b3501745a8,0x000002b3501746a8] = 256
 scopes pcs     [0x000002b3501746a8,0x000002b3501747a8] = 256
 dependencies   [0x000002b3501747a8,0x000002b3501747b8] = 16
 handler table  [0x000002b3501747b8,0x000002b350174800] = 72
 nul chk table  [0x000002b350174800,0x000002b350174840] = 64

[Constant Pool (empty)]

[MachCode]
[Entry Point]
  # {method} {0x000002b3001ef338} 'defineClass' '(ZLjava/lang/Object;)Ljava/lang/Class;' in 'java/lang/invoke/MethodHandles$Lookup$ClassDefiner'
  # this:     rdx:rdx   = 'java/lang/invoke/MethodHandles$Lookup$ClassDefiner'
  # parm0:    r8        = boolean
  # parm1:    r9:r9     = 'java/lang/Object'
  #           [sp+0xf0]  (sp of caller)
  0x000002b350174120: 448b 5208 | 49bb 0000 | 0000 b302 | 0000 4d03 | d34c 3bd0 

  0x000002b350174134: ;   {runtime_call ic_miss_stub}
  0x000002b350174134: 0f85 46a6 | c5ff 660f | 1f44 0000 
[Verified Entry Point]
  0x000002b350174140: 8984 2400 | 80ff ff55 | 4881 ece0 | 0000 0090 | 4181 7f20 | 0300 0000 

  0x000002b350174158: ;   {runtime_call StubRoutines (final stubs)}
  0x000002b350174158: 7405 e801 | 0cc4 ff48 | 8994 2498 | 0000 0044 | 8984 24b0 | 0000 004c | 898c 24b8 | 0000 008b 
  0x000002b350174178: 7210 4889 | b424 9000 | 0000 8b7e | 1048 89bc | 24a8 0000 | 008b 5f34 | 4885 db0f | 850a 0000 
  0x000002b350174198: ;   {oop(nullptr)}
  0x000002b350174198: 0048 bb00 | 0000 0000 | 0000 0048 | 85db 0f84 | ac00 0000 | 8b46 1848 | 85c0 4889 | 9c24 a000 
  0x000002b3501741b8: 0000 0f85 | aa00 0000 

  0x000002b3501741c0: ;   {oop(a 'java/lang/Class'{0x00000000c2034df8} = 'jdk/internal/access/SharedSecrets')}
  0x000002b3501741c0: 48b8 f84d | 03c2 0000 | 0000 8b40 | 7c8b 4e10 | 4885 c00f | 842a 0000 

  0x000002b3501741d8: ;   {metadata('java/lang/System$2')}
  0x000002b3501741d8: 0048 be88 | 8101 00b3 | 0200 0044 | 8b70 0849 | ba00 0000 | 00b3 0200 | 004d 03f2 | 493b 7638 
  0x000002b3501741f8: 0f85 3d02 | 0000 e900 | 0000 004c | 8bd8 483b | 0048 3b01 

  0x000002b35017420c: ;   {optimized virtual_call}
  0x000002b35017420c: 488b d1e8 

  0x000002b350174210: ; ImmutableOopMap {[144]=Oop [152]=Oop [160]=Oop [168]=Oop [184]=Oop }
                      ;*invokevirtual protectionDomain {reexecute=0 rethrow=0 return_oop=0}
                      ; - java.lang.System$2::protectionDomain@1 (line 2518)
                      ; - java.lang.invoke.MethodHandles$Lookup::lookupClassProtectionDomain@17 (line 2544)
                      ; - java.lang.invoke.MethodHandles$Lookup$ClassDefiner::defineClass@23 (line 2501)
  0x000002b350174210: ace3 0c00 

  0x000002b350174214: ;   {other}
  0x000002b350174214: 0f1f 8400 | 0403 0000 | 450f be47 | 4045 85c0 | 488b b424 | 9000 0000 | 0f85 1802 | 0000 4c8b 
  0x000002b350174234: d044 8956 | 18f0 8344 | 24c0 004c | 8bc6 4c33 | c049 c1e8 | 1449 83f8 | 000f 8513 | 0200 00e9 
  0x000002b350174254: 1200 0000 | 4889 9c24 | a000 0000 

  0x000002b350174260: ;   {oop(nullptr)}
  0x000002b350174260: 48b8 0000 | 0000 0000 | 0000 488b | 9c24 a000 | 0000 488b | bc24 a800 | 0000 488b | 9424 9800 
  0x000002b350174280: ;   {oop(a 'java/lang/Class'{0x00000000c2034df8} = 'jdk/internal/access/SharedSecrets')}
  0x000002b350174280: 0000 49b8 | f84d 03c2 | 0000 0000 | 458b 707c | 8b72 148b | 4a18 448b | 4a0c 4d85 | f60f 842a 
  0x000002b3501742a0: ;   {metadata('java/lang/System$2')}
  0x000002b3501742a0: 0000 0049 | bb88 8101 | 00b3 0200 | 0045 8b6e | 0849 ba00 | 0000 00b3 | 0200 004d | 03ea 4d3b 
  0x000002b3501742c0: 5d38 0f85 | b601 0000 | e900 0000 | 004d 8bc6 

  0x000002b3501742d0: ; implicit exception: dispatches to 0x000002b350174483
  0x000002b3501742d0: 493b 064c | 8bc3 498b | d14c 8bcf | 488b fe48 | 8bf1 488b | c88b 8424 | b000 0000 | 8904 2489 
  0x000002b3501742f0: 5424 0848 | 8b94 24b8 | 0000 0048 | 8954 2410 | 498b d60f 

  0x000002b350174304: ;   {optimized virtual_call}
  0x000002b350174304: 1f40 00e8 

  0x000002b350174308: ; ImmutableOopMap {[152]=Oop [168]=Oop }
                      ;*invokeinterface defineClass {reexecute=0 rethrow=0 return_oop=0}
                      ; - java.lang.invoke.MethodHandles$Lookup$ClassDefiner::defineClass@57 (line 2505)
  0x000002b350174308: 540a 0000 

  0x000002b35017430c: ;   {other}
  0x000002b35017430c: 0f1f 8400 | fc03 0001 | 488b 9424 | 9800 0000 | 8b72 1c44 | 0fbe 460c | 4183 e001 | 4585 c00f 
  0x000002b35017432c: 84bb 0000 | 008b 7a14 | 4885 c00f | 8485 0000 | 00e9 3d00 | 0000 488b | 9424 9800 | 0000 498b 
  0x000002b35017434c: 8700 0500 | 004d 33d2 | 4d89 9700 | 0500 004d | 33d2 4d89 | 9708 0500 | 008b 721c 

  0x000002b350174368: ; implicit exception: dispatches to 0x000002b35017448d
  0x000002b350174368: 440f be46 | 0c41 83e0 | 0145 85c0 | 0f84 b200 | 0000 e983 | 0000 008b | 5218 4c8b | c74c 8bc8 
  0x000002b350174388: 488b fa48 | 8bd6 4889 | 8424 c000 

  0x000002b350174394: ;   {optimized virtual_call}
  0x000002b350174394: 0000 90e8 

  0x000002b350174398: ; ImmutableOopMap {[192]=Oop }
                      ;*invokevirtual dumpClass {reexecute=0 rethrow=0 return_oop=0}
                      ; - java.lang.invoke.MethodHandles$Lookup$ClassDefiner::defineClass@134 (line 2513)
  0x000002b350174398: e4a6 c5ff 

  0x000002b35017439c: ;   {other}
  0x000002b35017439c: 0f1f 8400 | 8c04 0002 | 488b 8424 | c000 0000 | 4881 c4e0 | 0000 005d 

  0x000002b3501743b4: ;   {poll_return}
  0x000002b3501743b4: 493b a750 | 0400 000f | 87d1 0000 | 00c3 4889 | 8424 c000 | 0000 448b | 4a18 4c8b | c748 8bd6 
  0x000002b3501743d4: ;   {optimized virtual_call}
  0x000002b3501743d4: 6666 90e8 

  0x000002b3501743d8: ; ImmutableOopMap {[192]=Oop }
                      ;*invokevirtual dumpFailedClass {reexecute=0 rethrow=0 return_oop=0}
                      ; - java.lang.invoke.MethodHandles$Lookup$ClassDefiner::defineClass@150 (line 2515)
  0x000002b3501743d8: a4a6 c5ff 

  0x000002b3501743dc: ;   {other}
  0x000002b3501743dc: 0f1f 8400 | cc04 0003 | 488b 8424 | c000 0000 | 4881 c4e0 | 0000 005d 

  0x000002b3501743f4: ;   {poll_return}
  0x000002b3501743f4: 493b a750 | 0400 000f | 87a7 0000 | 00c3 4889 | 8424 c800 | 0000 448b | 4214 448b | 4a18 488b 
  0x000002b350174414: ;   {optimized virtual_call}
  0x000002b350174414: d666 90e8 

  0x000002b350174418: ; ImmutableOopMap {[200]=Oop }
                      ;*invokevirtual dumpFailedClass {reexecute=0 rethrow=0 return_oop=0}
                      ; - java.lang.invoke.MethodHandles$Lookup$ClassDefiner::defineClass@207 (line 2515)
  0x000002b350174418: 64a6 c5ff 

  0x000002b35017441c: ;   {other}
  0x000002b35017441c: 0f1f 8400 | 0c05 0004 | 488b 8424 | c800 0000 | e9aa 0000 

  0x000002b350174430: ;   {runtime_call throw_null_pointer_exception Runtime1 stub}
  0x000002b350174430: 00e8 4ade 

  0x000002b350174434: ; ImmutableOopMap {rdx=Oop r9=Oop rsi=Oop [144]=Oop [152]=Oop [184]=Oop }
                      ;*invokevirtual lookupClass {reexecute=0 rethrow=0 return_oop=0}
                      ; - java.lang.invoke.MethodHandles$Lookup$ClassDefiner::defineClass@4 (line 2499)
                      ;   {runtime_call throw_null_pointer_exception Runtime1 stub}
  0x000002b350174434: d0ff e845 

  0x000002b350174438: ; ImmutableOopMap {rdx=Oop r9=Oop rsi=Oop rdi=Oop [144]=Oop [152]=Oop [168]=Oop [184]=Oop }
                      ;*invokevirtual getClassLoader {reexecute=0 rethrow=0 return_oop=0}
                      ; - java.lang.invoke.MethodHandles$Lookup$ClassDefiner::defineClass@9 (line 2500)
                      ;   {runtime_call throw_incompatible_class_change_error Runtime1 stub}
  0x000002b350174438: ded0 ffe8 

  0x000002b35017443c: ; ImmutableOopMap {rax=Oop rcx=Oop [144]=Oop [152]=Oop [160]=Oop [168]=Oop [184]=Oop }
                      ;*invokeinterface protectionDomain {reexecute=0 rethrow=0 return_oop=0}
                      ; - java.lang.invoke.MethodHandles$Lookup::lookupClassProtectionDomain@17 (line 2544)
                      ; - java.lang.invoke.MethodHandles$Lookup$ClassDefiner::defineClass@23 (line 2501)
  0x000002b35017443c: 4005 d1ff 

  0x000002b350174440: ;   {runtime_call throw_null_pointer_exception Runtime1 stub}
  0x000002b350174440: e83b ded0 

  0x000002b350174444: ; ImmutableOopMap {rcx=Oop [144]=Oop [152]=Oop [160]=Oop [168]=Oop [184]=Oop }
                      ;*invokeinterface protectionDomain {reexecute=0 rethrow=0 return_oop=0}
                      ; - java.lang.invoke.MethodHandles$Lookup::lookupClassProtectionDomain@17 (line 2544)
                      ; - java.lang.invoke.MethodHandles$Lookup$ClassDefiner::defineClass@23 (line 2501)
                      ;   {runtime_call throw_null_pointer_exception Runtime1 stub}
  0x000002b350174444: ffe8 36de 

  0x000002b350174448: ; ImmutableOopMap {rcx=Oop [144]=Oop [152]=Oop [160]=Oop [168]=Oop [184]=Oop }
                      ;*invokevirtual protectionDomain {reexecute=0 rethrow=0 return_oop=0}
                      ; - java.lang.System$2::protectionDomain@1 (line 2518)
                      ; - java.lang.invoke.MethodHandles$Lookup::lookupClassProtectionDomain@17 (line 2544)
                      ; - java.lang.invoke.MethodHandles$Lookup$ClassDefiner::defineClass@23 (line 2501)
  0x000002b350174448: d0ff 448b | 4618 4983 | f800 0f84 | dafd ffff | 4c89 0424 

  0x000002b35017445c: ;   {runtime_call g1_pre_barrier_slow}
  0x000002b35017445c: e81f 35d1 | ffe9 ccfd | ffff 4883 | f800 0f84 | e3fd ffff | 4889 3424 

  0x000002b350174474: ;   {runtime_call g1_post_barrier_slow}
  0x000002b350174474: e807 38d1 | ffe9 d5fd 

  0x000002b35017447c: ;   {runtime_call throw_incompatible_class_change_error Runtime1 stub}
  0x000002b35017447c: ffff e8fd 

  0x000002b350174480: ; ImmutableOopMap {rax=Oop rdi=Oop rbx=Oop r14=Oop rsi=Oop rcx=Oop [152]=Oop [168]=Oop [184]=Oop }
                      ;*invokeinterface defineClass {reexecute=0 rethrow=0 return_oop=0}
                      ; - java.lang.invoke.MethodHandles$Lookup$ClassDefiner::defineClass@57 (line 2505)
                      ;   {runtime_call throw_null_pointer_exception Runtime1 stub}
  0x000002b350174480: 04d1 ffe8 

  0x000002b350174484: ; ImmutableOopMap {rax=Oop rdi=Oop rbx=Oop r14=Oop rsi=Oop rcx=Oop [152]=Oop [168]=Oop [184]=Oop }
                      ;*invokeinterface defineClass {reexecute=0 rethrow=0 return_oop=0}
                      ; - java.lang.invoke.MethodHandles$Lookup$ClassDefiner::defineClass@57 (line 2505)
  0x000002b350174484: f8dd d0ff 

  0x000002b350174488: ;   {runtime_call throw_null_pointer_exception Runtime1 stub}
  0x000002b350174488: e8f3 ddd0 

  0x000002b35017448c: ; ImmutableOopMap {rax=Oop rdx=Oop rsi=Oop [152]=Oop }
                      ;*invokevirtual isEnabled {reexecute=0 rethrow=0 return_oop=0}
                      ; - java.lang.invoke.MethodHandles$Lookup$ClassDefiner::defineClass@105 (line 2510)
                      ;   {runtime_call throw_null_pointer_exception Runtime1 stub}
  0x000002b35017448c: ffe8 eedd 

  0x000002b350174490: ; ImmutableOopMap {rdx=Oop rax=Oop rsi=Oop [152]=Oop }
                      ;*invokevirtual isEnabled {reexecute=0 rethrow=0 return_oop=0}
                      ; - java.lang.invoke.MethodHandles$Lookup$ClassDefiner::defineClass@162 (line 2510)
                      ;   {internal_word}
  0x000002b350174490: d0ff 49ba | b443 1750 | b302 0000 | 4d89 9768 

  0x000002b3501744a0: ;   {runtime_call SafepointBlob}
  0x000002b3501744a0: 0400 00e9 | 5812 c6ff 

  0x000002b3501744a8: ;   {internal_word}
  0x000002b3501744a8: 49ba f443 | 1750 b302 | 0000 4d89 | 9768 0400 

  0x000002b3501744b8: ;   {runtime_call SafepointBlob}
  0x000002b3501744b8: 00e9 4212 | c6ff 498b | 8700 0500 | 0049 c787 | 0005 0000 | 0000 0000 | 49c7 8708 | 0500 0000 
  0x000002b3501744d8: 0000 0048 | 81c4 e000 

  0x000002b3501744e0: ;   {runtime_call unwind_exception Runtime1 stub}
  0x000002b3501744e0: 0000 5de9 | 98ce d0ff 
[Stub Code]
  0x000002b3501744e8: ;   {no_reloc}
  0x000002b3501744e8: 0f1f 4400 

  0x000002b3501744ec: ;   {static_stub}
  0x000002b3501744ec: 0048 bb00 | 0000 0000 

  0x000002b3501744f4: ;   {runtime_call}
  0x000002b3501744f4: 0000 00e9 | fbff ffff 

  0x000002b3501744fc: ;   {static_stub}
  0x000002b3501744fc: 48bb 68f9 | 4600 b302 

  0x000002b350174504: ;   {runtime_call I2C/C2I adapters}
  0x000002b350174504: 0000 e958 

  0x000002b350174508: ;   {static_stub}
  0x000002b350174508: efc5 ff48 | bb00 0000 | 0000 0000 

  0x000002b350174514: ;   {runtime_call}
  0x000002b350174514: 00e9 fbff 

  0x000002b350174518: ;   {static_stub}
  0x000002b350174518: ffff 48bb | 0000 0000 | 0000 0000 

  0x000002b350174524: ;   {runtime_call}
  0x000002b350174524: e9fb ffff 

  0x000002b350174528: ;   {runtime_call handle_exception_from_callee Runtime1 stub}
  0x000002b350174528: ffe8 52fb 

  0x000002b35017452c: ;   {external_word}
  0x000002b35017452c: d0ff 48b9 | 0048 0fbb | fd7f 0000 | 4883 e4f0 

  0x000002b35017453c: ;   {runtime_call}
  0x000002b35017453c: 48b8 4024 | d7ba fd7f | 0000 ffd0 

  0x000002b350174548: ;   {section_word}
  0x000002b350174548: f449 ba49 | 4517 50b3 | 0200 0041 

  0x000002b350174554: ;   {runtime_call DeoptimizationBlob}
  0x000002b350174554: 52e9 4604 | c6ff f4f4 | f4f4 f4f4 
[/MachCode]


---------------  P R O C E S S  ---------------

Threads class SMR info:
_java_thread_list=0x000002b35c698090, length=16, elements={
0x000002b3456b5e70, 0x000002b356bfa1b0, 0x000002b356bfccf0, 0x000002b356bfe6d0,
0x000002b356c01150, 0x000002b356c057d0, 0x000002b356c06e50, 0x000002b356c09fd0,
0x000002b356bca630, 0x000002b35b36cbb0, 0x000002b35b36d220, 0x000002b35b848260,
0x000002b35bb50b50, 0x000002b35bae72f0, 0x000002b35bae8840, 0x000002b35c524da0
}

Java Threads: ( => current thread )
=>0x000002b3456b5e70 JavaThread "main"                              [_thread_in_vm, id=15952, stack(0x000000febe300000,0x000000febe400000) (1024K)]
  0x000002b356bfa1b0 JavaThread "Reference Handler"          daemon [_thread_blocked, id=17952, stack(0x000000febeb00000,0x000000febec00000) (1024K)]
  0x000002b356bfccf0 JavaThread "Finalizer"                  daemon [_thread_blocked, id=17644, stack(0x000000febec00000,0x000000febed00000) (1024K)]
  0x000002b356bfe6d0 JavaThread "Signal Dispatcher"          daemon [_thread_blocked, id=16452, stack(0x000000febed00000,0x000000febee00000) (1024K)]
  0x000002b356c01150 JavaThread "Attach Listener"            daemon [_thread_blocked, id=16564, stack(0x000000febee00000,0x000000febef00000) (1024K)]
  0x000002b356c057d0 JavaThread "Service Thread"             daemon [_thread_blocked, id=7868, stack(0x000000febef00000,0x000000febf000000) (1024K)]
  0x000002b356c06e50 JavaThread "Monitor Deflation Thread"   daemon [_thread_blocked, id=2588, stack(0x000000febf000000,0x000000febf100000) (1024K)]
  0x000002b356c09fd0 JavaThread "C1 CompilerThread0"         daemon [_thread_blocked, id=2532, stack(0x000000febf100000,0x000000febf200000) (1024K)]
  0x000002b356bca630 JavaThread "Common-Cleaner"             daemon [_thread_blocked, id=4216, stack(0x000000febf200000,0x000000febf300000) (1024K)]
  0x000002b35b36cbb0 JavaThread "Monitor Ctrl-Break"         daemon [_thread_in_native, id=18116, stack(0x000000febf300000,0x000000febf400000) (1024K)]
  0x000002b35b36d220 JavaThread "Notification Thread"        daemon [_thread_blocked, id=15108, stack(0x000000febf400000,0x000000febf500000) (1024K)]
  0x000002b35b848260 JavaThread "RMI TCP Accept-0"           daemon [_thread_in_native, id=2368, stack(0x000000febf500000,0x000000febf600000) (1024K)]
  0x000002b35bb50b50 JavaThread "Catalina-utility-1"                [_thread_blocked, id=6552, stack(0x000000febfe00000,0x000000febff00000) (1024K)]
  0x000002b35bae72f0 JavaThread "Catalina-utility-2"                [_thread_blocked, id=7988, stack(0x000000febff00000,0x000000fec0000000) (1024K)]
  0x000002b35bae8840 JavaThread "container-0"                       [_thread_blocked, id=17024, stack(0x000000fec0000000,0x000000fec0100000) (1024K)]
  0x000002b35c524da0 JavaThread "mysql-cj-abandoned-connection-cleanup" daemon [_thread_blocked, id=15852, stack(0x000000fec0100000,0x000000fec0200000) (1024K)]
Total: 16

Other Threads:
  0x000002b356be12d0 VMThread "VM Thread"                           [id=7352, stack(0x000000febea00000,0x000000febeb00000) (1024K)] _threads_hazard_ptr=0x000002b35c698090
  0x000002b3479de440 WatcherThread "VM Periodic Task Thread"        [id=18140, stack(0x000000febe900000,0x000000febea00000) (1024K)]
  0x000002b34795b030 WorkerThread "GC Thread#0"                     [id=14488, stack(0x000000febe400000,0x000000febe500000) (1024K)]
  0x000002b35bcc90d0 WorkerThread "GC Thread#1"                     [id=7728, stack(0x000000febf600000,0x000000febf700000) (1024K)]
  0x000002b35bcc9f50 WorkerThread "GC Thread#2"                     [id=12480, stack(0x000000febf700000,0x000000febf800000) (1024K)]
  0x000002b35bcc9810 WorkerThread "GC Thread#3"                     [id=3396, stack(0x000000febf800000,0x000000febf900000) (1024K)]
  0x000002b35bcc9470 WorkerThread "GC Thread#4"                     [id=9316, stack(0x000000febf900000,0x000000febfa00000) (1024K)]
  0x000002b35bcc9bb0 WorkerThread "GC Thread#5"                     [id=11928, stack(0x000000febfa00000,0x000000febfb00000) (1024K)]
  0x000002b35bcca2f0 WorkerThread "GC Thread#6"                     [id=11720, stack(0x000000febfb00000,0x000000febfc00000) (1024K)]
  0x000002b35bcc8d30 WorkerThread "GC Thread#7"                     [id=10752, stack(0x000000febfc00000,0x000000febfd00000) (1024K)]
  0x000002b347964dd0 ConcurrentGCThread "G1 Main Marker"            [id=708, stack(0x000000febe500000,0x000000febe600000) (1024K)]
  0x000002b3479658d0 WorkerThread "G1 Conc#0"                       [id=8532, stack(0x000000febe600000,0x000000febe700000) (1024K)]
  0x000002b35c34fd00 WorkerThread "G1 Conc#1"                       [id=8260, stack(0x000000febfd00000,0x000000febfe00000) (1024K)]
  0x000002b3479c9c30 ConcurrentGCThread "G1 Refine#0"               [id=9284, stack(0x000000febe700000,0x000000febe800000) (1024K)]
  0x000002b3479cc3c0 ConcurrentGCThread "G1 Service"                [id=16448, stack(0x000000febe800000,0x000000febe900000) (1024K)]
Total: 15

Threads with active compile tasks:
Total: 0

VM state: synchronizing (normal execution)

VM Mutex/Monitor currently owned by a thread:  ([mutex/lock_event])
[0x00007ffdbb38ace8] Metaspace_lock - owner thread: 0x000002b3456b5e70
[0x00007ffdbb38cd68] Threads_lock - owner thread: 0x000002b356be12d0

Heap address: 0x00000000c2000000, size: 992 MB, Compressed Oops mode: 32-bit

CDS archive(s) mapped at: [0x000002b300000000-0x000002b300c90000-0x000002b300c90000), size 13172736, SharedBaseAddress: 0x000002b300000000, ArchiveRelocationMode: 1.
Compressed class space mapped at: 0x000002b301000000-0x000002b341000000, reserved size: 1073741824
Narrow klass base: 0x000002b300000000, Narrow klass shift: 0, Narrow klass range: 0x100000000

GC Precious Log:
 CardTable entry size: 512
 Card Set container configuration: InlinePtr #cards 5 size 8 Array Of Cards #cards 12 size 40 Howl #buckets 4 coarsen threshold 1843 Howl Bitmap #cards 512 size 80 coarsen threshold 460 Card regions per heap region 1 cards per card region 2048
 CPUs: 8 total, 8 available
 Memory: 3962M
 Large Page Support: Disabled
 NUMA Support: Disabled
 Compressed Oops: Enabled (32-bit)
 Heap Region Size: 1M
 Heap Min Capacity: 8M
 Heap Initial Capacity: 62M
 Heap Max Capacity: 992M
 Pre-touch: Disabled
 Parallel Workers: 8
 Concurrent Workers: 2
 Concurrent Refinement Workers: 8
 Periodic GC: Disabled

Heap:
 garbage-first heap   total 48128K, used 19754K [0x00000000c2000000, 0x0000000100000000)
  region size 1024K, 5 young (5120K), 2 survivors (2048K)
 Metaspace       used 33212K, committed 33792K, reserved 1114112K
  class space    used 4484K, committed 4736K, reserved 1048576K

Heap Regions: E=young(eden), S=young(survivor), O=old, HS=humongous(starts), HC=humongous(continues), CS=collection set, F=free, TAMS=top-at-mark-start, PB=parsable bottom
|   0|0x00000000c2000000, 0x00000000c2100000, 0x00000000c2100000|100%| O|  |TAMS 0x00000000c2000000| PB 0x00000000c2000000| Untracked 
|   1|0x00000000c2100000, 0x00000000c2200000, 0x00000000c2200000|100%| O|  |TAMS 0x00000000c2100000| PB 0x00000000c2100000| Untracked 
|   2|0x00000000c2200000, 0x00000000c2300000, 0x00000000c2300000|100%| O|  |TAMS 0x00000000c2200000| PB 0x00000000c2200000| Untracked 
|   3|0x00000000c2300000, 0x00000000c2400000, 0x00000000c2400000|100%| O|  |TAMS 0x00000000c2300000| PB 0x00000000c2300000| Untracked 
|   4|0x00000000c2400000, 0x00000000c2500000, 0x00000000c2500000|100%| O|  |TAMS 0x00000000c2400000| PB 0x00000000c2400000| Untracked 
|   5|0x00000000c2500000, 0x00000000c25fcbb0, 0x00000000c2600000| 98%| O|  |TAMS 0x00000000c2500000| PB 0x00000000c2500000| Untracked 
|   6|0x00000000c2600000, 0x00000000c2700000, 0x00000000c2700000|100%| O|  |TAMS 0x00000000c2600000| PB 0x00000000c2600000| Untracked 
|   7|0x00000000c2700000, 0x00000000c2800000, 0x00000000c2800000|100%| O|  |TAMS 0x00000000c2700000| PB 0x00000000c2700000| Untracked 
|   8|0x00000000c2800000, 0x00000000c2900000, 0x00000000c2900000|100%| O|  |TAMS 0x00000000c2800000| PB 0x00000000c2800000| Untracked 
|   9|0x00000000c2900000, 0x00000000c2a00000, 0x00000000c2a00000|100%| O|  |TAMS 0x00000000c2900000| PB 0x00000000c2900000| Untracked 
|  10|0x00000000c2a00000, 0x00000000c2ad4940, 0x00000000c2b00000| 83%| O|  |TAMS 0x00000000c2a00000| PB 0x00000000c2a00000| Untracked 
|  11|0x00000000c2b00000, 0x00000000c2c00000, 0x00000000c2c00000|100%| O|  |TAMS 0x00000000c2b00000| PB 0x00000000c2b00000| Untracked 
|  12|0x00000000c2c00000, 0x00000000c2d00000, 0x00000000c2d00000|100%| O|  |TAMS 0x00000000c2c00000| PB 0x00000000c2c00000| Untracked 
|  13|0x00000000c2d00000, 0x00000000c2e00000, 0x00000000c2e00000|100%| O|  |TAMS 0x00000000c2d00000| PB 0x00000000c2d00000| Untracked 
|  14|0x00000000c2e00000, 0x00000000c2f00000, 0x00000000c2f00000|100%| O|  |TAMS 0x00000000c2e00000| PB 0x00000000c2e00000| Untracked 
|  15|0x00000000c2f00000, 0x00000000c2f00000, 0x00000000c3000000|  0%| F|  |TAMS 0x00000000c2f00000| PB 0x00000000c2f00000| Untracked 
|  16|0x00000000c3000000, 0x00000000c3000000, 0x00000000c3100000|  0%| F|  |TAMS 0x00000000c3000000| PB 0x00000000c3000000| Untracked 
|  17|0x00000000c3100000, 0x00000000c3100000, 0x00000000c3200000|  0%| F|  |TAMS 0x00000000c3100000| PB 0x00000000c3100000| Untracked 
|  18|0x00000000c3200000, 0x00000000c3200000, 0x00000000c3300000|  0%| F|  |TAMS 0x00000000c3200000| PB 0x00000000c3200000| Untracked 
|  19|0x00000000c3300000, 0x00000000c3400000, 0x00000000c3400000|100%| O|  |TAMS 0x00000000c3300000| PB 0x00000000c3300000| Untracked 
|  20|0x00000000c3400000, 0x00000000c3400000, 0x00000000c3500000|  0%| F|  |TAMS 0x00000000c3400000| PB 0x00000000c3400000| Untracked 
|  21|0x00000000c3500000, 0x00000000c3579680, 0x00000000c3600000| 47%| S|CS|TAMS 0x00000000c3500000| PB 0x00000000c3500000| Complete 
|  22|0x00000000c3600000, 0x00000000c3600000, 0x00000000c3700000|  0%| F|  |TAMS 0x00000000c3600000| PB 0x00000000c3600000| Untracked 
|  23|0x00000000c3700000, 0x00000000c3700000, 0x00000000c3800000|  0%| F|  |TAMS 0x00000000c3700000| PB 0x00000000c3700000| Untracked 
|  24|0x00000000c3800000, 0x00000000c3800000, 0x00000000c3900000|  0%| F|  |TAMS 0x00000000c3800000| PB 0x00000000c3800000| Untracked 
|  25|0x00000000c3900000, 0x00000000c3a00000, 0x00000000c3a00000|100%| S|CS|TAMS 0x00000000c3900000| PB 0x00000000c3900000| Complete 
|  26|0x00000000c3a00000, 0x00000000c3a00000, 0x00000000c3b00000|  0%| F|  |TAMS 0x00000000c3a00000| PB 0x00000000c3a00000| Untracked 
|  27|0x00000000c3b00000, 0x00000000c3b00000, 0x00000000c3c00000|  0%| F|  |TAMS 0x00000000c3b00000| PB 0x00000000c3b00000| Untracked 
|  28|0x00000000c3c00000, 0x00000000c3c00000, 0x00000000c3d00000|  0%| F|  |TAMS 0x00000000c3c00000| PB 0x00000000c3c00000| Untracked 
|  29|0x00000000c3d00000, 0x00000000c3d00000, 0x00000000c3e00000|  0%| F|  |TAMS 0x00000000c3d00000| PB 0x00000000c3d00000| Untracked 
|  30|0x00000000c3e00000, 0x00000000c3e00000, 0x00000000c3f00000|  0%| F|  |TAMS 0x00000000c3e00000| PB 0x00000000c3e00000| Untracked 
|  31|0x00000000c3f00000, 0x00000000c3f00000, 0x00000000c4000000|  0%| F|  |TAMS 0x00000000c3f00000| PB 0x00000000c3f00000| Untracked 
|  32|0x00000000c4000000, 0x00000000c4000000, 0x00000000c4100000|  0%| F|  |TAMS 0x00000000c4000000| PB 0x00000000c4000000| Untracked 
|  33|0x00000000c4100000, 0x00000000c4100000, 0x00000000c4200000|  0%| F|  |TAMS 0x00000000c4100000| PB 0x00000000c4100000| Untracked 
|  34|0x00000000c4200000, 0x00000000c4200000, 0x00000000c4300000|  0%| F|  |TAMS 0x00000000c4200000| PB 0x00000000c4200000| Untracked 
|  35|0x00000000c4300000, 0x00000000c4300000, 0x00000000c4400000|  0%| F|  |TAMS 0x00000000c4300000| PB 0x00000000c4300000| Untracked 
|  36|0x00000000c4400000, 0x00000000c4400000, 0x00000000c4500000|  0%| F|  |TAMS 0x00000000c4400000| PB 0x00000000c4400000| Untracked 
|  37|0x00000000c4500000, 0x00000000c4500000, 0x00000000c4600000|  0%| F|  |TAMS 0x00000000c4500000| PB 0x00000000c4500000| Untracked 
|  38|0x00000000c4600000, 0x00000000c4600000, 0x00000000c4700000|  0%| F|  |TAMS 0x00000000c4600000| PB 0x00000000c4600000| Untracked 
|  39|0x00000000c4700000, 0x00000000c4700000, 0x00000000c4800000|  0%| F|  |TAMS 0x00000000c4700000| PB 0x00000000c4700000| Untracked 
|  40|0x00000000c4800000, 0x00000000c4800000, 0x00000000c4900000|  0%| F|  |TAMS 0x00000000c4800000| PB 0x00000000c4800000| Untracked 
|  41|0x00000000c4900000, 0x00000000c4900000, 0x00000000c4a00000|  0%| F|  |TAMS 0x00000000c4900000| PB 0x00000000c4900000| Untracked 
|  42|0x00000000c4a00000, 0x00000000c4a00000, 0x00000000c4b00000|  0%| F|  |TAMS 0x00000000c4a00000| PB 0x00000000c4a00000| Untracked 
|  43|0x00000000c4b00000, 0x00000000c4b00000, 0x00000000c4c00000|  0%| F|  |TAMS 0x00000000c4b00000| PB 0x00000000c4b00000| Untracked 
|  52|0x00000000c5400000, 0x00000000c5468ee8, 0x00000000c5500000| 40%| E|  |TAMS 0x00000000c5400000| PB 0x00000000c5400000| Complete 
|  60|0x00000000c5c00000, 0x00000000c5d00000, 0x00000000c5d00000|100%| E|CS|TAMS 0x00000000c5c00000| PB 0x00000000c5c00000| Complete 
|  61|0x00000000c5d00000, 0x00000000c5e00000, 0x00000000c5e00000|100%| E|CS|TAMS 0x00000000c5d00000| PB 0x00000000c5d00000| Complete 

Card table byte_map: [0x000002b353080000,0x000002b353270000] _byte_map_base: 0x000002b352a70000

Marking Bits: (CMBitMap*) 0x000002b34795b730
 Bits: [0x000002b353270000, 0x000002b3541f0000)

Polling page: 0x000002b3470e0000

Metaspace:

Usage:
  Non-class:     28.05 MB used.
      Class:      4.38 MB used.
       Both:     32.43 MB used.

Virtual space:
  Non-class space:       64.00 MB reserved,      28.38 MB ( 44%) committed,  1 nodes.
      Class space:        1.00 GB reserved,       4.62 MB ( <1%) committed,  1 nodes.
             Both:        1.06 GB reserved,      33.00 MB (  3%) committed. 

Chunk freelists:
   Non-Class:  3.23 MB
       Class:  11.37 MB
        Both:  14.61 MB

MaxMetaspaceSize: unlimited
CompressedClassSpaceSize: 1.00 GB
Initial GC threshold: 21.00 MB
Current GC threshold: 35.31 MB
CDS: on
 - commit_granule_bytes: 65536.
 - commit_granule_words: 8192.
 - virtual_space_node_default_size: 8388608.
 - enlarge_chunks_in_place: 1.
 - use_allocation_guard: 0.


Internal statistics:

num_allocs_failed_limit: 3.
num_arena_births: 754.
num_arena_deaths: 0.
num_vsnodes_births: 2.
num_vsnodes_deaths: 0.
num_space_committed: 528.
num_space_uncommitted: 0.
num_chunks_returned_to_freelist: 3.
num_chunks_taken_from_freelist: 1831.
num_chunk_merges: 3.
num_chunk_splits: 1263.
num_chunks_enlarged: 900.
num_inconsistent_stats: 0.

CodeCache: size=49152Kb used=7842Kb max_used=7842Kb free=41309Kb
 bounds [0x000002b34fd80000, 0x000002b350530000, 0x000002b352d80000]
 total_blobs=4744 nmethods=4164 adapters=503
 compilation: enabled
              stopped_count=0, restarted_count=0
 full_count=0

Compilation events (20 events):
Event: 24.924 Thread 0x000002b356c09fd0 4188       1       org.springframework.context.support.ApplicationObjectSupport::getApplicationContext (33 bytes)
Event: 24.924 Thread 0x000002b356c09fd0 nmethod 4188 0x000002b350526190 code [0x000002b350526340, 0x000002b3505264f8]
Event: 24.924 Thread 0x000002b356c09fd0 4189       1       java.util.concurrent.atomic.AtomicBoolean::get (13 bytes)
Event: 24.925 Thread 0x000002b356c09fd0 nmethod 4189 0x000002b350526610 code [0x000002b3505267a0, 0x000002b350526878]
Event: 24.925 Thread 0x000002b356c09fd0 4190       1       org.springframework.context.support.AbstractApplicationContext::assertBeanFactoryActive (55 bytes)
Event: 24.925 Thread 0x000002b356c09fd0 nmethod 4190 0x000002b350526910 code [0x000002b350526ae0, 0x000002b350526db0]
Event: 24.935 Thread 0x000002b356c09fd0 4192       1       java.util.Comparator$$Lambda/0x000002b301187c00::compare (10 bytes)
Event: 24.936 Thread 0x000002b356c09fd0 nmethod 4192 0x000002b350526f90 code [0x000002b350527140, 0x000002b3505272d0]
Event: 24.936 Thread 0x000002b356c09fd0 4193       1       java.util.Comparator::lambda$comparingInt$7b0bb60$1 (18 bytes)
Event: 24.936 Thread 0x000002b356c09fd0 nmethod 4193 0x000002b350527390 code [0x000002b350527540, 0x000002b3505276a0]
Event: 24.936 Thread 0x000002b356c09fd0 4191       1       org.springframework.web.util.pattern.PathPattern::getScore (5 bytes)
Event: 24.936 Thread 0x000002b356c09fd0 nmethod 4191 0x000002b350527790 code [0x000002b350527920, 0x000002b3505279e8]
Event: 24.936 Thread 0x000002b356c09fd0 4194       1       org.springframework.web.util.pattern.PathPattern::getNormalizedLength (5 bytes)
Event: 24.937 Thread 0x000002b356c09fd0 nmethod 4194 0x000002b350527a90 code [0x000002b350527c20, 0x000002b350527ce8]
Event: 24.937 Thread 0x000002b356c09fd0 4195       1       java.util.TreeSet::iterator (15 bytes)
Event: 24.937 Thread 0x000002b356c09fd0 nmethod 4195 0x000002b350527d90 code [0x000002b350527f40, 0x000002b350528068]
Event: 24.956 Thread 0x000002b356c09fd0 4196       1       java.lang.reflect.Method::getMethodAccessor (5 bytes)
Event: 24.957 Thread 0x000002b356c09fd0 nmethod 4196 0x000002b350528110 code [0x000002b3505282a0, 0x000002b350528368]
Event: 24.957 Thread 0x000002b356c09fd0 4197       1       java.lang.reflect.Method::setMethodAccessor (20 bytes)
Event: 24.957 Thread 0x000002b356c09fd0 nmethod 4197 0x000002b350528410 code [0x000002b3505285c0, 0x000002b350528780]

GC Heap History (14 events):
Event: 6.280 GC heap before
{Heap before GC invocations=0 (full 0):
 garbage-first heap   total 63488K, used 22528K [0x00000000c2000000, 0x0000000100000000)
  region size 1024K, 23 young (23552K), 0 survivors (0K)
 Metaspace       used 8338K, committed 8576K, reserved 1114112K
  class space    used 1034K, committed 1152K, reserved 1048576K
}
Event: 6.316 GC heap after
{Heap after GC invocations=1 (full 0):
 garbage-first heap   total 63488K, used 5624K [0x00000000c2000000, 0x0000000100000000)
  region size 1024K, 3 young (3072K), 3 survivors (3072K)
 Metaspace       used 8338K, committed 8576K, reserved 1114112K
  class space    used 1034K, committed 1152K, reserved 1048576K
}
Event: 8.303 GC heap before
{Heap before GC invocations=1 (full 0):
 garbage-first heap   total 63488K, used 31224K [0x00000000c2000000, 0x0000000100000000)
  region size 1024K, 29 young (29696K), 3 survivors (3072K)
 Metaspace       used 14588K, committed 14912K, reserved 1114112K
  class space    used 1905K, committed 2048K, reserved 1048576K
}
Event: 8.318 GC heap after
{Heap after GC invocations=2 (full 0):
 garbage-first heap   total 63488K, used 8365K [0x00000000c2000000, 0x0000000100000000)
  region size 1024K, 3 young (3072K), 3 survivors (3072K)
 Metaspace       used 14588K, committed 14912K, reserved 1114112K
  class space    used 1905K, committed 2048K, reserved 1048576K
}
Event: 10.040 GC heap before
{Heap before GC invocations=2 (full 0):
 garbage-first heap   total 63488K, used 41133K [0x00000000c2000000, 0x0000000100000000)
  region size 1024K, 35 young (35840K), 3 survivors (3072K)
 Metaspace       used 20071K, committed 20416K, reserved 1114112K
  class space    used 2659K, committed 2816K, reserved 1048576K
}
Event: 10.064 GC heap after
{Heap after GC invocations=3 (full 0):
 garbage-first heap   total 63488K, used 11264K [0x00000000c2000000, 0x0000000100000000)
  region size 1024K, 5 young (5120K), 5 survivors (5120K)
 Metaspace       used 20071K, committed 20416K, reserved 1114112K
  class space    used 2659K, committed 2816K, reserved 1048576K
}
Event: 11.788 GC heap before
{Heap before GC invocations=3 (full 0):
 garbage-first heap   total 63488K, used 18432K [0x00000000c2000000, 0x0000000100000000)
  region size 1024K, 14 young (14336K), 5 survivors (5120K)
 Metaspace       used 21179K, committed 21504K, reserved 1114112K
  class space    used 2812K, committed 2944K, reserved 1048576K
}
Event: 11.826 GC heap after
{Heap after GC invocations=4 (full 0):
 garbage-first heap   total 63488K, used 11961K [0x00000000c2000000, 0x0000000100000000)
  region size 1024K, 1 young (1024K), 1 survivors (1024K)
 Metaspace       used 21179K, committed 21504K, reserved 1114112K
  class space    used 2812K, committed 2944K, reserved 1048576K
}
Event: 16.543 GC heap before
{Heap before GC invocations=5 (full 0):
 garbage-first heap   total 48128K, used 39609K [0x00000000c2000000, 0x0000000100000000)
  region size 1024K, 28 young (28672K), 1 survivors (1024K)
 Metaspace       used 25720K, committed 26240K, reserved 1114112K
  class space    used 3515K, committed 3776K, reserved 1048576K
}
Event: 16.574 GC heap after
{Heap after GC invocations=6 (full 0):
 garbage-first heap   total 48128K, used 14797K [0x00000000c2000000, 0x0000000100000000)
  region size 1024K, 4 young (4096K), 4 survivors (4096K)
 Metaspace       used 25720K, committed 26240K, reserved 1114112K
  class space    used 3515K, committed 3776K, reserved 1048576K
}
Event: 20.054 GC heap before
{Heap before GC invocations=6 (full 0):
 garbage-first heap   total 48128K, used 36301K [0x00000000c2000000, 0x0000000100000000)
  region size 1024K, 26 young (26624K), 4 survivors (4096K)
 Metaspace       used 31121K, committed 31616K, reserved 1114112K
  class space    used 4203K, committed 4416K, reserved 1048576K
}
Event: 20.073 GC heap after
{Heap after GC invocations=7 (full 0):
 garbage-first heap   total 48128K, used 16373K [0x00000000c2000000, 0x0000000100000000)
  region size 1024K, 3 young (3072K), 3 survivors (3072K)
 Metaspace       used 31121K, committed 31616K, reserved 1114112K
  class space    used 4203K, committed 4416K, reserved 1048576K
}
Event: 23.949 GC heap before
{Heap before GC invocations=7 (full 0):
 garbage-first heap   total 48128K, used 36853K [0x00000000c2000000, 0x0000000100000000)
  region size 1024K, 24 young (24576K), 3 survivors (3072K)
 Metaspace       used 32952K, committed 33536K, reserved 1114112K
  class space    used 4453K, committed 4736K, reserved 1048576K
}
Event: 23.982 GC heap after
{Heap after GC invocations=8 (full 0):
 garbage-first heap   total 48128K, used 17706K [0x00000000c2000000, 0x0000000100000000)
  region size 1024K, 2 young (2048K), 2 survivors (2048K)
 Metaspace       used 32952K, committed 33536K, reserved 1114112K
  class space    used 4453K, committed 4736K, reserved 1048576K
}

Dll operation events (13 events):
Event: 0.126 Loaded shared library D:\develope\java\jdk-21.0.2\bin\java.dll
Event: 1.436 Loaded shared library D:\develope\java\jdk-21.0.2\bin\zip.dll
Event: 1.559 Loaded shared library D:\develope\java\jdk-21.0.2\bin\instrument.dll
Event: 1.711 Loaded shared library D:\develope\java\jdk-21.0.2\bin\net.dll
Event: 1.765 Loaded shared library D:\develope\java\jdk-21.0.2\bin\nio.dll
Event: 1.827 Loaded shared library D:\develope\java\jdk-21.0.2\bin\zip.dll
Event: 2.707 Loaded shared library D:\develope\IntelliJ IDEA 2023.3.4\bin\breakgen64.dll
Event: 2.778 Loaded shared library D:\develope\java\jdk-21.0.2\bin\jimage.dll
Event: 2.880 Loaded shared library D:\develope\java\jdk-21.0.2\bin\extnet.dll
Event: 3.010 Loaded shared library D:\develope\java\jdk-21.0.2\bin\management.dll
Event: 3.162 Loaded shared library D:\develope\java\jdk-21.0.2\bin\management_ext.dll
Event: 9.247 Loaded shared library D:\develope\java\jdk-21.0.2\bin\sunmscapi.dll
Event: 15.539 Loaded shared library D:\develope\apache-tomcat-9.0.96\bin\tcnative-1.dll

Deoptimization events (2 events):
Event: 23.448 Thread 0x000002b3456b5e70 DEOPT PACKING pc=0x000002b350212f59 sp=0x000000febe3fdb70
Event: 23.450 Thread 0x000002b3456b5e70 DEOPT UNPACKING pc=0x000002b34fdd4e42 sp=0x000000febe3fd078 mode 3

Classes loaded (20 events):
Event: 22.324 Loading class sun/reflect/ReflectionFactory
Event: 22.328 Loading class sun/reflect/ReflectionFactory done
Event: 22.328 Loading class sun/reflect/ReflectionFactory$1
Event: 22.328 Loading class sun/reflect/ReflectionFactory$1 done
Event: 22.328 Loading class java/io/OptionalDataException
Event: 22.329 Loading class java/io/OptionalDataException done
Event: 22.475 Loading class java/lang/invoke/WrongMethodTypeException
Event: 22.476 Loading class java/lang/invoke/WrongMethodTypeException done
Event: 22.478 Loading class sun/nio/cs/US_ASCII$Encoder
Event: 22.479 Loading class sun/nio/cs/US_ASCII$Encoder done
Event: 22.479 Loading class sun/nio/cs/Surrogate$Parser
Event: 22.498 Loading class sun/nio/cs/Surrogate$Parser done
Event: 22.498 Loading class sun/nio/cs/Surrogate
Event: 22.500 Loading class sun/nio/cs/Surrogate done
Event: 22.613 Loading class java/util/Collections$UnmodifiableMap$UnmodifiableEntrySet$UnmodifiableEntry
Event: 22.614 Loading class java/util/Collections$UnmodifiableMap$UnmodifiableEntrySet$UnmodifiableEntry done
Event: 23.044 Loading class sun/reflect/generics/tree/BooleanSignature
Event: 23.050 Loading class sun/reflect/generics/tree/BooleanSignature done
Event: 23.642 Loading class java/util/ArrayList$ListItr
Event: 23.718 Loading class java/util/ArrayList$ListItr done

Classes unloaded (0 events):
No events

Classes redefined (0 events):
No events

Internal exceptions (20 events):
Event: 15.723 Thread 0x000002b3456b5e70 Exception <a 'java/lang/NoSuchMethodError'{0x00000000c3bc5df0}: 'java.lang.reflect.Field[] java.lang.Class.getDeclaredFields(java.lang.Class)'> (0x00000000c3bc5df0) 
thrown [s\open\src\hotspot\share\interpreter\linkResolver.cpp, line 773]
Event: 15.749 Thread 0x000002b3456b5e70 Exception <a 'java/lang/NoSuchMethodError'{0x00000000c3a2a0d0}: 'java.lang.Object java.lang.invoke.DirectMethodHandle$Holder.invokeVirtual(java.lang.Object, java.lang.Object, java.lang.Object, java.lang.Object, java.lang.Object, java.lang.Object)'> (0x00000000c3a2a0d0) 
thrown [s\open\src\hotspot\share\interpreter\linkResolver.cpp, line 773]
Event: 15.893 Thread 0x000002b3456b5e70 Exception <a 'java/lang/NoSuchMethodError'{0x00000000c394b9a0}: 'void java.lang.invoke.DirectMethodHandle$Holder.invokeInterface(java.lang.Object, java.lang.Object, int)'> (0x00000000c394b9a0) 
thrown [s\open\src\hotspot\share\interpreter\linkResolver.cpp, line 773]
Event: 15.904 Thread 0x000002b3456b5e70 Exception <a 'java/lang/IncompatibleClassChangeError'{0x00000000c398dc00}: Found class java.lang.Object, but interface was expected> (0x00000000c398dc00) 
thrown [s\open\src\hotspot\share\interpreter\linkResolver.cpp, line 840]
Event: 15.909 Thread 0x000002b3456b5e70 Exception <a 'java/lang/NoSuchMethodError'{0x00000000c39ab448}: 'void java.lang.invoke.DirectMethodHandle$Holder.invokeStatic(java.lang.Object, int, java.lang.Object)'> (0x00000000c39ab448) 
thrown [s\open\src\hotspot\share\interpreter\linkResolver.cpp, line 773]
Event: 15.931 Thread 0x000002b3456b5e70 Exception <a 'java/lang/NoSuchMethodError'{0x00000000c39e1c60}: 'void java.lang.invoke.DirectMethodHandle$Holder.invokeStatic(java.lang.Object, java.lang.Object, java.lang.Object, int, java.lang.Object)'> (0x00000000c39e1c60) 
thrown [s\open\src\hotspot\share\interpreter\linkResolver.cpp, line 773]
Event: 15.932 Thread 0x000002b3456b5e70 Exception <a 'java/lang/NoSuchMethodError'{0x00000000c39e8418}: 'java.lang.Object java.lang.invoke.DirectMethodHandle$Holder.newInvokeSpecial(java.lang.Object, java.lang.Object, java.lang.Object, int)'> (0x00000000c39e8418) 
thrown [s\open\src\hotspot\share\interpreter\linkResolver.cpp, line 773]
Event: 16.878 Thread 0x000002b3456b5e70 Exception <a 'java/lang/NoSuchMethodError'{0x00000000c5467e10}: 'int java.lang.invoke.DirectMethodHandle$Holder.invokeVirtual(java.lang.Object, java.lang.Object, java.lang.Object, java.lang.Object)'> (0x00000000c5467e10) 
thrown [s\open\src\hotspot\share\interpreter\linkResolver.cpp, line 773]
Event: 16.879 Thread 0x000002b3456b5e70 Exception <a 'java/lang/NoSuchMethodError'{0x00000000c546b8b0}: 'int java.lang.invoke.DelegatingMethodHandle$Holder.reinvoke_L(java.lang.Object, java.lang.Object, java.lang.Object, java.lang.Object)'> (0x00000000c546b8b0) 
thrown [s\open\src\hotspot\share\interpreter\linkResolver.cpp, line 773]
Event: 17.534 Thread 0x000002b3456b5e70 Exception <a 'java/io/FileNotFoundException'{0x00000000c4ada250}> (0x00000000c4ada250) 
thrown [s\open\src\hotspot\share\prims\jni.cpp, line 520]
Event: 17.767 Thread 0x000002b3456b5e70 Exception <a 'java/lang/NoSuchMethodError'{0x00000000c48125f8}: 'int java.lang.invoke.DirectMethodHandle$Holder.invokeInterface(java.lang.Object, java.lang.Object, java.lang.Object, java.lang.Object)'> (0x00000000c48125f8) 
thrown [s\open\src\hotspot\share\interpreter\linkResolver.cpp, line 773]
Event: 17.808 Thread 0x000002b3456b5e70 Exception <a 'java/lang/NoSuchMethodError'{0x00000000c487ee68}: 'void java.lang.invoke.Invokers$Holder.invokeExact_MT(java.lang.Object, java.lang.Object, java.lang.Object, java.lang.Object)'> (0x00000000c487ee68) 
thrown [s\open\src\hotspot\share\interpreter\linkResolver.cpp, line 773]
Event: 18.215 Thread 0x000002b3456b5e70 Exception <a 'java/lang/NoSuchMethodError'{0x00000000c46d0948}: 'long java.lang.invoke.DirectMethodHandle$Holder.invokeVirtual(java.lang.Object, java.lang.Object)'> (0x00000000c46d0948) 
thrown [s\open\src\hotspot\share\interpreter\linkResolver.cpp, line 773]
Event: 18.555 Thread 0x000002b3456b5e70 Exception <a 'java/lang/NoSuchMethodError'{0x00000000c4274f68}: 'java.lang.Object java.lang.invoke.DirectMethodHandle$Holder.newInvokeSpecial(java.lang.Object, java.lang.Object, java.lang.Object, java.lang.Object, java.lang.Object, java.lang.Object, java.lang.Object, java.lang.Object, java.lang.Object)'> (0x00000000c4274f68) 
thrown [s\open\src\hotspot\share\interpreter\linkResolver.cpp, line 773]
Event: 20.473 Thread 0x000002b3456b5e70 Exception <a 'java/lang/NoSuchMethodError'{0x00000000c54f1818}: 'int java.lang.invoke.Invokers$Holder.invokeExact_MT(java.lang.Object, java.lang.Object, java.lang.Object)'> (0x00000000c54f1818) 
thrown [s\open\src\hotspot\share\interpreter\linkResolver.cpp, line 773]
Event: 21.270 Thread 0x000002b3456b5e70 Exception <a 'java/lang/IncompatibleClassChangeError'{0x00000000c42c44a0}: Found class java.lang.Object, but interface was expected> (0x00000000c42c44a0) 
thrown [s\open\src\hotspot\share\interpreter\linkResolver.cpp, line 840]
Event: 22.378 Thread 0x000002b3456b5e70 Exception <a 'java/lang/NoSuchMethodError'{0x00000000c3fb2e50}: 'int java.lang.invoke.DirectMethodHandle$Holder.invokeStaticInit(java.lang.Object, java.lang.Object, java.lang.Object, java.lang.Object)'> (0x00000000c3fb2e50) 
thrown [s\open\src\hotspot\share\interpreter\linkResolver.cpp, line 773]
Event: 22.474 Thread 0x000002b3456b5e70 Exception <a 'java/lang/NoClassDefFoundError'{0x00000000c3e1e220}: io/github/logtube/Logtube> (0x00000000c3e1e220) 
thrown [s\open\src\hotspot\share\classfile\systemDictionary.cpp, line 301]
Event: 22.940 Thread 0x000002b3456b5e70 Exception <a 'java/lang/NoSuchMethodError'{0x00000000c3ddbd50}: 'java.lang.Object java.lang.invoke.DirectMethodHandle$Holder.newInvokeSpecial(java.lang.Object, java.lang.Object, java.lang.Object, java.lang.Object, java.lang.Object, java.lang.Object)'> (0x00000000c3ddbd50) 
thrown [s\open\src\hotspot\share\interpreter\linkResolver.cpp, line 773]
Event: 22.970 Thread 0x000002b3456b5e70 Exception <a 'java/lang/NoSuchMethodError'{0x00000000c3c2bca8}: 'java.lang.Object java.lang.invoke.DirectMethodHandle$Holder.newInvokeSpecial(java.lang.Object, java.lang.Object, java.lang.Object, java.lang.Object, java.lang.Object, java.lang.Object, java.lang.Object, java.lang.Object)'> (0x00000000c3c2bca8) 
thrown [s\open\src\hotspot\share\interpreter\linkResolver.cpp, line 773]

ZGC Phase Switch (0 events):
No events

VM Operations (20 events):
Event: 19.349 Executing VM operation: HandshakeAllThreads (Deoptimize)
Event: 19.349 Executing VM operation: HandshakeAllThreads (Deoptimize) done
Event: 19.351 Executing VM operation: HandshakeAllThreads (Deoptimize)
Event: 19.351 Executing VM operation: HandshakeAllThreads (Deoptimize) done
Event: 20.054 Executing VM operation: G1CollectForAllocation (G1 Evacuation Pause)
Event: 20.073 Executing VM operation: G1CollectForAllocation (G1 Evacuation Pause) done
Event: 21.083 Executing VM operation: Cleanup
Event: 21.087 Executing VM operation: Cleanup done
Event: 22.099 Executing VM operation: Cleanup
Event: 22.106 Executing VM operation: Cleanup done
Event: 23.113 Executing VM operation: Cleanup
Event: 23.183 Executing VM operation: Cleanup done
Event: 23.743 Executing VM operation: HandshakeAllThreads (Deoptimize)
Event: 23.744 Executing VM operation: HandshakeAllThreads (Deoptimize) done
Event: 23.933 Executing VM operation: HandshakeAllThreads (Deoptimize)
Event: 23.933 Executing VM operation: HandshakeAllThreads (Deoptimize) done
Event: 23.946 Executing VM operation: G1CollectForAllocation (G1 Evacuation Pause)
Event: 23.986 Executing VM operation: G1CollectForAllocation (G1 Evacuation Pause) done
Event: 24.788 Executing VM operation: HandshakeAllThreads (Deoptimize)
Event: 24.788 Executing VM operation: HandshakeAllThreads (Deoptimize) done

Events (20 events):
Event: 0.221 Thread 0x000002b3456b5e70 Thread added: 0x000002b3456b5e70
Event: 0.456 Thread 0x000002b356bfa1b0 Thread added: 0x000002b356bfa1b0
Event: 0.457 Thread 0x000002b356bfccf0 Thread added: 0x000002b356bfccf0
Event: 0.458 Thread 0x000002b356bfe6d0 Thread added: 0x000002b356bfe6d0
Event: 0.459 Thread 0x000002b356c01150 Thread added: 0x000002b356c01150
Event: 0.459 Thread 0x000002b356c057d0 Thread added: 0x000002b356c057d0
Event: 0.460 Thread 0x000002b356c06e50 Thread added: 0x000002b356c06e50
Event: 0.460 Thread 0x000002b356c09fd0 Thread added: 0x000002b356c09fd0
Event: 1.182 Thread 0x000002b356bca630 Thread added: 0x000002b356bca630
Event: 2.714 Thread 0x000002b35b36cbb0 Thread added: 0x000002b35b36cbb0
Event: 2.715 Thread 0x000002b35b36d220 Thread added: 0x000002b35b36d220
Event: 4.837 Thread 0x000002b35b848260 Thread added: 0x000002b35b848260
Event: 7.802 Thread 0x000002b35be84050 Thread added: 0x000002b35be84050
Event: 9.122 Thread 0x000002b35c2f35f0 Thread added: 0x000002b35c2f35f0
Event: 9.267 Thread 0x000002b35be84050 Thread exited: 0x000002b35be84050
Event: 9.267 Thread 0x000002b35c2f35f0 Thread exited: 0x000002b35c2f35f0
Event: 18.297 Thread 0x000002b35bb50b50 Thread added: 0x000002b35bb50b50
Event: 18.308 Thread 0x000002b35bae72f0 Thread added: 0x000002b35bae72f0
Event: 18.331 Thread 0x000002b35bae8840 Thread added: 0x000002b35bae8840
Event: 18.676 Thread 0x000002b35c524da0 Thread added: 0x000002b35c524da0


Dynamic libraries:
0x00007ff7de170000 - 0x00007ff7de180000 	D:\develope\java\jdk-21.0.2\bin\java.exe
0x00007ffe2d1f0000 - 0x00007ffe2d408000 	C:\WINDOWS\SYSTEM32\ntdll.dll
0x00007ffe2c9b0000 - 0x00007ffe2ca74000 	C:\WINDOWS\System32\KERNEL32.DLL
0x00007ffe2a7d0000 - 0x00007ffe2aba3000 	C:\WINDOWS\System32\KERNELBASE.dll
0x00007ffe2a630000 - 0x00007ffe2a741000 	C:\WINDOWS\System32\ucrtbase.dll
0x00007ffe25020000 - 0x00007ffe25039000 	D:\develope\java\jdk-21.0.2\bin\jli.dll
0x00007ffe2b610000 - 0x00007ffe2b6c1000 	C:\WINDOWS\System32\ADVAPI32.dll
0x00007ffe24fc0000 - 0x00007ffe24fdb000 	D:\develope\java\jdk-21.0.2\bin\VCRUNTIME140.dll
0x00007ffe2cbe0000 - 0x00007ffe2cc87000 	C:\WINDOWS\System32\msvcrt.dll
0x00007ffe2b6d0000 - 0x00007ffe2b778000 	C:\WINDOWS\System32\sechost.dll
0x00007ffe2a3f0000 - 0x00007ffe2a418000 	C:\WINDOWS\System32\bcrypt.dll
0x00007ffe2c1e0000 - 0x00007ffe2c2f8000 	C:\WINDOWS\System32\RPCRT4.dll
0x00007ffe2cdf0000 - 0x00007ffe2cfa2000 	C:\WINDOWS\System32\USER32.dll
0x00007ffe2a300000 - 0x00007ffe2a326000 	C:\WINDOWS\System32\win32u.dll
0x00007ffe2c3b0000 - 0x00007ffe2c3d9000 	C:\WINDOWS\System32\GDI32.dll
0x00007ffe16ad0000 - 0x00007ffe16d6c000 	C:\WINDOWS\WinSxS\amd64_microsoft.windows.common-controls_6595b64144ccf1df_6.0.22621.6060_none_2712eda17382d24b\COMCTL32.dll
0x00007ffe2abb0000 - 0x00007ffe2accb000 	C:\WINDOWS\System32\gdi32full.dll
0x00007ffe2a590000 - 0x00007ffe2a62a000 	C:\WINDOWS\System32\msvcp_win.dll
0x00007ffe225c0000 - 0x00007ffe225ca000 	C:\WINDOWS\SYSTEM32\VERSION.dll
0x00007ffe2c3e0000 - 0x00007ffe2c411000 	C:\WINDOWS\System32\IMM32.DLL
0x00007ffe25000000 - 0x00007ffe2500c000 	D:\develope\java\jdk-21.0.2\bin\vcruntime140_1.dll
0x00007ffe15060000 - 0x00007ffe150ee000 	D:\develope\java\jdk-21.0.2\bin\msvcp140.dll
0x00007ffdba750000 - 0x00007ffdbb467000 	D:\develope\java\jdk-21.0.2\bin\server\jvm.dll
0x00007ffe2cfb0000 - 0x00007ffe2d021000 	C:\WINDOWS\System32\WS2_32.dll
0x00007ffe29150000 - 0x00007ffe2919d000 	C:\WINDOWS\SYSTEM32\POWRPROF.dll
0x00007ffe24ab0000 - 0x00007ffe24ae4000 	C:\WINDOWS\SYSTEM32\WINMM.dll
0x00007ffe29130000 - 0x00007ffe29143000 	C:\WINDOWS\SYSTEM32\UMPDC.dll
0x00007ffe293d0000 - 0x00007ffe293e8000 	C:\WINDOWS\SYSTEM32\kernel.appcore.dll
0x00007ffe24fb0000 - 0x00007ffe24fba000 	D:\develope\java\jdk-21.0.2\bin\jimage.dll
0x00007ffe27c20000 - 0x00007ffe27e53000 	C:\WINDOWS\SYSTEM32\DBGHELP.DLL
0x00007ffe2b0c0000 - 0x00007ffe2b451000 	C:\WINDOWS\System32\combase.dll
0x00007ffe2ca80000 - 0x00007ffe2cb58000 	C:\WINDOWS\System32\OLEAUT32.dll
0x00007ffe13ab0000 - 0x00007ffe13ae2000 	C:\WINDOWS\SYSTEM32\dbgcore.DLL
0x00007ffe2ae10000 - 0x00007ffe2ae8b000 	C:\WINDOWS\System32\bcryptPrimitives.dll
0x00007ffe22f20000 - 0x00007ffe22f2f000 	D:\develope\java\jdk-21.0.2\bin\instrument.dll
0x00007ffe22ff0000 - 0x00007ffe2300f000 	D:\develope\java\jdk-21.0.2\bin\java.dll
0x00007ffe2b940000 - 0x00007ffe2c1dc000 	C:\WINDOWS\System32\SHELL32.dll
0x00007ffe2acd0000 - 0x00007ffe2ae0f000 	C:\WINDOWS\System32\wintypes.dll
0x00007ffe28210000 - 0x00007ffe28b2a000 	C:\WINDOWS\SYSTEM32\windows.storage.dll
0x00007ffe2cce0000 - 0x00007ffe2cde4000 	C:\WINDOWS\System32\SHCORE.dll
0x00007ffe2c340000 - 0x00007ffe2c3a9000 	C:\WINDOWS\System32\shlwapi.dll
0x00007ffe2a230000 - 0x00007ffe2a255000 	C:\WINDOWS\SYSTEM32\profapi.dll
0x00007ffe22fb0000 - 0x00007ffe22fc8000 	D:\develope\java\jdk-21.0.2\bin\zip.dll
0x00007ffe245b0000 - 0x00007ffe245c0000 	D:\develope\java\jdk-21.0.2\bin\net.dll
0x00007ffe231b0000 - 0x00007ffe232dc000 	C:\WINDOWS\SYSTEM32\WINHTTP.dll
0x00007ffe298b0000 - 0x00007ffe29919000 	C:\WINDOWS\system32\mswsock.dll
0x00007ffe22fd0000 - 0x00007ffe22fe6000 	D:\develope\java\jdk-21.0.2\bin\nio.dll
0x00007ffe15a50000 - 0x00007ffe15a6a000 	D:\develope\IntelliJ IDEA 2023.3.4\bin\breakgen64.dll
0x00007ffe28e70000 - 0x00007ffe28f68000 	C:\WINDOWS\SYSTEM32\DNSAPI.dll
0x00007ffe28e00000 - 0x00007ffe28e2d000 	C:\WINDOWS\SYSTEM32\IPHLPAPI.DLL
0x00007ffe2c320000 - 0x00007ffe2c329000 	C:\WINDOWS\System32\NSI.dll
0x00007ffe22ef0000 - 0x00007ffe22ef9000 	D:\develope\java\jdk-21.0.2\bin\extnet.dll
0x00007ffe21e20000 - 0x00007ffe21e2a000 	C:\Windows\System32\rasadhlp.dll
0x00007ffe21d90000 - 0x00007ffe21e14000 	C:\WINDOWS\System32\fwpuclnt.dll
0x00007ffe22870000 - 0x00007ffe2287a000 	D:\develope\java\jdk-21.0.2\bin\management.dll
0x00007ffe15a40000 - 0x00007ffe15a4b000 	D:\develope\java\jdk-21.0.2\bin\management_ext.dll
0x00007ffe2cbd0000 - 0x00007ffe2cbd8000 	C:\WINDOWS\System32\PSAPI.DLL
0x00007ffe29b00000 - 0x00007ffe29b1b000 	C:\WINDOWS\SYSTEM32\CRYPTSP.dll
0x00007ffe29330000 - 0x00007ffe29367000 	C:\WINDOWS\system32\rsaenh.dll
0x00007ffe299a0000 - 0x00007ffe299c8000 	C:\WINDOWS\SYSTEM32\USERENV.dll
0x00007ffe29b20000 - 0x00007ffe29b2c000 	C:\WINDOWS\SYSTEM32\CRYPTBASE.dll
0x00007ffe03b60000 - 0x00007ffe03b77000 	C:\WINDOWS\system32\napinsp.dll
0x00007ffe03b40000 - 0x00007ffe03b5b000 	C:\WINDOWS\system32\pnrpnsp.dll
0x00007ffe03af0000 - 0x00007ffe03b01000 	C:\WINDOWS\System32\winrnr.dll
0x00007ffe22cc0000 - 0x00007ffe22cd5000 	C:\WINDOWS\system32\wshbth.dll
0x00007ffe03a40000 - 0x00007ffe03a61000 	C:\WINDOWS\system32\nlansp_c.dll
0x00007ffe15a30000 - 0x00007ffe15a3e000 	D:\develope\java\jdk-21.0.2\bin\sunmscapi.dll
0x00007ffe2a420000 - 0x00007ffe2a588000 	C:\WINDOWS\System32\CRYPT32.dll
0x00007ffe29cc0000 - 0x00007ffe29cee000 	C:\WINDOWS\SYSTEM32\ncrypt.dll
0x00007ffe29c80000 - 0x00007ffe29cb7000 	C:\WINDOWS\SYSTEM32\NTASN1.dll
0x0000000180000000 - 0x0000000180374000 	D:\develope\apache-tomcat-9.0.96\bin\tcnative-1.dll

dbghelp: loaded successfully - version: 4.0.5 - missing functions: none
symbol engine: initialized successfully - sym options: 0x614 - pdb path: .;D:\develope\java\jdk-21.0.2\bin;C:\WINDOWS\SYSTEM32;C:\WINDOWS\WinSxS\amd64_microsoft.windows.common-controls_6595b64144ccf1df_6.0.22621.6060_none_2712eda17382d24b;D:\develope\java\jdk-21.0.2\bin\server;D:\develope\IntelliJ IDEA 2023.3.4\bin;D:\develope\apache-tomcat-9.0.96\bin

VM Arguments:
jvm_args: -XX:TieredStopAtLevel=1 -Dspring.output.ansi.enabled=always -Dcom.sun.management.jmxremote -Dspring.jmx.enabled=true -Dspring.liveBeansView.mbeanDomain -Dspring.application.admin.enabled=true -Dmanagement.endpoints.jmx.exposure.include=* -javaagent:D:\develope\IntelliJ IDEA 2023.3.4\lib\idea_rt.jar=53306:D:\develope\IntelliJ IDEA 2023.3.4\bin -Dfile.encoding=UTF-8 -Dsun.stdout.encoding=UTF-8 -Dsun.stderr.encoding=UTF-8 
java_command: com.example.SpringbootApplication
java_class_path (initial): D:\CardRent\CardRent\springboot\target\classes;D:\maven\repository\org\springframework\boot\spring-boot-starter-web\3.3.1\spring-boot-starter-web-3.3.1.jar;D:\maven\repository\org\springframework\boot\spring-boot-starter\3.3.1\spring-boot-starter-3.3.1.jar;D:\maven\repository\org\springframework\boot\spring-boot\3.3.1\spring-boot-3.3.1.jar;D:\maven\repository\org\springframework\boot\spring-boot-autoconfigure\3.3.1\spring-boot-autoconfigure-3.3.1.jar;D:\maven\repository\org\springframework\boot\spring-boot-starter-logging\3.3.1\spring-boot-starter-logging-3.3.1.jar;D:\maven\repository\ch\qos\logback\logback-classic\1.5.6\logback-classic-1.5.6.jar;D:\maven\repository\ch\qos\logback\logback-core\1.5.6\logback-core-1.5.6.jar;D:\maven\repository\org\apache\logging\log4j\log4j-to-slf4j\2.23.1\log4j-to-slf4j-2.23.1.jar;D:\maven\repository\org\apache\logging\log4j\log4j-api\2.23.1\log4j-api-2.23.1.jar;D:\maven\repository\org\slf4j\jul-to-slf4j\2.0.13\jul-to-slf4j-2.0.13.jar;D:\maven\repository\jakarta\annotation\jakarta.annotation-api\2.1.1\jakarta.annotation-api-2.1.1.jar;D:\maven\repository\org\springframework\spring-core\6.1.10\spring-core-6.1.10.jar;D:\maven\repository\org\springframework\spring-jcl\6.1.10\spring-jcl-6.1.10.jar;D:\maven\repository\org\yaml\snakeyaml\2.2\snakeyaml-2.2.jar;D:\maven\repository\org\springframework\boot\spring-boot-starter-json\3.3.1\spring-boot-starter-json-3.3.1.jar;D:\maven\repository\com\fasterxml\jackson\core\jackson-databind\2.17.1\jackson-databind-2.17.1.jar;D:\maven\repository\com\fasterxml\jackson\core\jackson-annotations\2.17.1\jackson-annotations-2.17.1.jar;D:\maven\repository\com\fasterxml\jackson\core\jackson-core\2.17.1\jackson-core-2.17.1.jar;D:\maven\repository\com\fasterxml\jackson\datatype\jackson-datatype-jdk8\2.17.1\jackson-datatype-jdk8-2.17.1.jar;D:\maven\repository\com\fasterxml\jackson\datatype\jackson-datatype-jsr310\2.17.1\jackson-datatype-jsr310-2.17.1.jar;D:\maven\repository\com\fasterxml\jackson\module\jackson-module-parameter-names\2.17.1\jackson-module-parameter-names-2.17.1.jar;D:\maven\repository\org\springframework\boot\spring-boot-starter-tomcat\3.3.1\spring-boot-starter-tomcat-3.3.1.jar;D:\maven\repository\org\apache\tomcat\embed\tomcat-embed-core\10.1.25\tomcat-embed-core-10.1.25.jar;D:\maven\repository\org\apache\tomcat\embed\tomcat-embed-el\10.1.25\tomcat-embed-el-10.1.25.jar;D:\maven\repository\org\apache\tomcat\embed\tomcat-embed-websocket\10.1.25\tomcat-embed-websocket-10.1.25.jar;D:\maven\repository\org\springframework\spring-web\6.1.10\spring-web-6.1.10.jar;D:\maven\repository\org\springframework\spring-beans\6.1.10\spring-beans-6.1.10.jar;D:\maven\repository\io\micrometer\micrometer-observation\1.13.1\micrometer-observation-1.13.1.jar;D:\maven\repository\io\micrometer\micrometer-commons\1.13.1\micrometer-commons-1.13.1.jar;D:\maven\repository\org\springframework\spring-webmvc\6.1.10\spring-webmvc-6.1.10.jar;D:\maven\repository\org\springframework\spring-aop\6.1.10\spring-aop-6.1.10.jar;D:\maven\repository\org\springframework\spring-context\6.1.10\spring-context-6.1.10.jar;D:\maven\repository\org\springframework\spring-expression\6.1.10\spring-expression-6.1.10.jar;D:\maven\repository\org\mybatis\spring\boot\mybatis-spring-boot-starter\3.0.3\mybatis-spring-boot-starter-3.0.3.jar;D:\maven\repository\org\springframework\boot\spring-boot-starter-jdbc\3.3.1\spring-boot-starter-jdbc-3.3.1.jar;D:\maven\repository\com\zaxxer\HikariCP\5.1.0\HikariCP-5.1.0.jar;D:\maven\repository\org\slf4j\slf4j-api\2.0.13\slf4j-api-2.0.13.jar;D:\maven\repository\org\springframework\spring-jdbc\6.1.10\spring-jdbc-6.1.10.jar;D:\maven\repository\org\springframework\spring-tx\6.1.10\spring-tx-6.1.10.jar;D:\maven\repository\org\mybatis\spring\boot\mybatis-spring-boot-autoconfigure\3.0.3\mybatis-spring-boot-autoconfigure-3.0.3.jar;D:\maven\repository\org\mybatis\mybatis\3.5.14\mybatis-3.5.14.jar;D:\maven\repository\org\mybatis\mybatis-spring\3.0.3\mybatis-spring-3.0.3.jar;D:\maven\repository\com\mysql\mysql-connector-j\8.3.0\mysql-connector-j-8.3.0.jar;D:\maven\repository\cn\hutool\hutool-all\5.8.25\hutool-all-5.8.25.jar;D:\maven\repository\com\github\pagehelper\pagehelper-spring-boot-starter\1.4.6\pagehelper-spring-boot-starter-1.4.6.jar;D:\maven\repository\com\github\pagehelper\pagehelper-spring-boot-autoconfigure\1.4.6\pagehelper-spring-boot-autoconfigure-1.4.6.jar;D:\maven\repository\com\github\pagehelper\pagehelper\5.3.2\pagehelper-5.3.2.jar;D:\maven\repository\com\github\jsqlparser\jsqlparser\4.5\jsqlparser-4.5.jar
Launcher Type: SUN_STANDARD

[Global flags]
     intx CICompilerCount                          = 4                                         {product} {ergonomic}
     uint ConcGCThreads                            = 2                                         {product} {ergonomic}
     uint G1ConcRefinementThreads                  = 8                                         {product} {ergonomic}
   size_t G1HeapRegionSize                         = 1048576                                   {product} {ergonomic}
    uintx GCDrainStackTargetSize                   = 64                                        {product} {ergonomic}
   size_t InitialHeapSize                          = 65011712                                  {product} {ergonomic}
     bool ManagementServer                         = true                                      {product} {command line}
   size_t MarkStackSize                            = 4194304                                   {product} {ergonomic}
   size_t MaxHeapSize                              = 1040187392                                {product} {ergonomic}
   size_t MaxNewSize                               = 623902720                                 {product} {ergonomic}
   size_t MinHeapDeltaBytes                        = 1048576                                   {product} {ergonomic}
   size_t MinHeapSize                              = 8388608                                   {product} {ergonomic}
    uintx NonNMethodCodeHeapSize                   = 4096                                   {pd product} {ergonomic}
    uintx NonProfiledCodeHeapSize                  = 0                                      {pd product} {ergonomic}
     bool ProfileInterpreter                       = false                                  {pd product} {command line}
    uintx ProfiledCodeHeapSize                     = 0                                      {pd product} {ergonomic}
   size_t SoftMaxHeapSize                          = 1040187392                             {manageable} {ergonomic}
     intx TieredStopAtLevel                        = 1                                         {product} {command line}
     bool UseCompressedOops                        = true                           {product lp64_product} {ergonomic}
     bool UseG1GC                                  = true                                      {product} {ergonomic}
     bool UseLargePagesIndividualAllocation        = false                                  {pd product} {ergonomic}

Logging:
Log output configuration:
 #0: stdout all=warning uptime,level,tags foldmultilines=false
 #1: stderr all=off uptime,level,tags foldmultilines=false

Environment Variables:
JAVA_HOME=D:\develope\java\jdk-21.0.2
PATH=e:\⻏璃\cursor\resources\app\bin;D;\develope\java\jdk-21.0.2\bin;D:\develope\java\jdk-21.0.2\jre;C:\Program Files\Common Files\Oracle\Java\javapath;C:\Program Files (x86)\Common Files\Intel\Shared Libraries\redist\intel64\compiler;C:\WINDOWS\system32;C:\WINDOWS;C:\WINDOWS\System32\Wbem;C:\WINDOWS\System32\WindowsPowerShell\v1.0\;C:\WINDOWS\System32\OpenSSH\;D:\develope\apache-tomcat-9.0.96\bin;D:\develope\apache-maven-3.9.9\bin;D:\develope\Node;D:\develope\mysql-8.0.22-winx64\bin;C:\Users\lenovo\AppData\Local\Microsoft\WindowsApps;C:\Users\lenovo\AppData\Roaming\npm;E:\develope\cursor\resources\app\bin;E:\⻏璃\cursor\resources\app\bin;e;\⻏璃\cursor\resources\app\bin;%;ATALINA_HOME%\lib;E:\⻏璃\Microsoft VS Code\bin;E:\⻏璃\Git\cmd;E:\⻏璃\Git\bin;C:\Users\lenovo\AppData\Local\Microsoft\WindowsApps;E:\develope\Microsoft VS Code\bin;C:\Users\lenovo\AppData\Roaming\npm;E:\develope\cursor\resources\app\bin;E:\⻏璃\cursor\resources\app\bin
USERNAME=lenovo
OS=Windows_NT
PROCESSOR_IDENTIFIER=Intel64 Family 6 Model 142 Stepping 10, GenuineIntel
TMP=C:\Users\lenovo\AppData\Local\Temp
TEMP=C:\Users\lenovo\AppData\Local\Temp




Periodic native trim disabled

---------------  S Y S T E M  ---------------

OS:
 Windows 11 , 64 bit Build 22621 (10.0.22621.5415)
OS uptime: 0 days 4:46 hours

CPU: total 8 (initial active 8) (4 cores per cpu, 2 threads per core) family 6 model 142 stepping 10 microcode 0xe0, cx8, cmov, fxsr, ht, mmx, 3dnowpref, sse, sse2, sse3, ssse3, sse4.1, sse4.2, popcnt, lzcnt, tsc, tscinvbit, avx, avx2, aes, erms, clmul, bmi1, bmi2, adx, fma, vzeroupper, clflush, clflushopt, rdtscp, f16c
Processor Information for all 8 processors :
  Max Mhz: 1801, Current Mhz: 1400, Mhz Limit: 1584

Memory: 4k page, system-wide physical 3962M (6M free)
TotalPageFile size 16250M (AvailPageFile size 40M)
current process WorkingSet (physical memory assigned to process): 80M, peak: 126M
current process commit charge ("private bytes"): 181M, peak: 181M

vm_info: Java HotSpot(TM) 64-Bit Server VM (21.0.2+13-LTS-58) for windows-amd64 JRE (21.0.2+13-LTS-58), built on 2024-01-05T18:32:24Z by "mach5one" with MS VC++ 17.1 (VS2022)

END.
